<?xml version="1.0" encoding="utf-8"?>
<TestRun id="0f89ea21-4834-460f-94b6-78ececaa43a8" name="@LT-24-280 2025-12-30 01:33:20" xmlns="http://microsoft.com/schemas/VisualStudio/TeamTest/2010">
  <Times creation="2025-12-30T01:33:20.7189760+05:30" queuing="2025-12-30T01:33:20.7189760+05:30" start="2025-12-30T01:33:20.3095530+05:30" finish="2025-12-30T01:33:22.6587640+05:30" />
  <TestSettings name="default" id="3fd5ee16-bd05-405a-ac7c-d475972f4cca">
    <Deployment runDeploymentRoot="_LT-24-280_2025-12-30_01_33_20" />
  </TestSettings>
  <Results>
    <UnitTestResult executionId="73647522-dc48-4bb2-879b-35fec19f6fb4" testId="dfb2ca5f-dff8-9f08-7db0-5652ef93bef1" testName="GetUserIdFromToken_Throws_ForInvalidToken" computerName="LT-24-280" duration="00:00:00.0022380" startTime="2025-12-30T01:33:21.5590010+05:30" endTime="2025-12-30T01:33:21.5612390+05:30" testType="13cdc9d9-ddb5-4fa4-a97d-d965ccfc6d4b" outcome="Passed" testListId="8c84fa94-04c1-424b-9868-57a2d4851a1d" relativeResultsDirectory="73647522-dc48-4bb2-879b-35fec19f6fb4" />
    <UnitTestResult executionId="7e1c3741-fcc4-4066-9d50-a8ca9493b232" testId="92c4f114-1e3a-0ed4-17fe-ea7f4a751700" testName="CreateProjectCodeAsync_Success" computerName="LT-24-280" duration="00:00:00.0013260" startTime="2025-12-30T01:33:22.3249450+05:30" endTime="2025-12-30T01:33:22.3262710+05:30" testType="13cdc9d9-ddb5-4fa4-a97d-d965ccfc6d4b" outcome="Passed" testListId="8c84fa94-04c1-424b-9868-57a2d4851a1d" relativeResultsDirectory="7e1c3741-fcc4-4066-9d50-a8ca9493b232" />
    <UnitTestResult executionId="9a90fd8d-b15d-44b0-b052-3990f6f99e31" testId="2282dfe1-e5f4-9732-e6f8-6ad457593a86" testName="GetByCodeAsync_ReturnsProjectCode" computerName="LT-24-280" duration="00:00:00.0086009" startTime="2025-12-30T01:33:21.1008400+05:30" endTime="2025-12-30T01:33:21.1094410+05:30" testType="13cdc9d9-ddb5-4fa4-a97d-d965ccfc6d4b" outcome="Passed" testListId="8c84fa94-04c1-424b-9868-57a2d4851a1d" relativeResultsDirectory="9a90fd8d-b15d-44b0-b052-3990f6f99e31" />
    <UnitTestResult executionId="4316edcd-60bb-41f9-99c4-eafea63df32a" testId="c6bf422e-dbea-a3e7-b400-f109ad8c3349" testName="CreateTimesheetAsync_SetsDraftAndCallsAdd" computerName="LT-24-280" duration="00:00:00.0036140" startTime="2025-12-30T01:33:22.3607190+05:30" endTime="2025-12-30T01:33:22.3643330+05:30" testType="13cdc9d9-ddb5-4fa4-a97d-d965ccfc6d4b" outcome="Passed" testListId="8c84fa94-04c1-424b-9868-57a2d4851a1d" relativeResultsDirectory="4316edcd-60bb-41f9-99c4-eafea63df32a" />
    <UnitTestResult executionId="7c422e24-07f4-4a70-beca-d8a9ac12234b" testId="7b3e83aa-9caf-01c5-628e-aa25a2de08ce" testName="Transaction_CommitsAndRollsBack" computerName="LT-24-280" duration="00:00:00.2288580" startTime="2025-12-30T01:33:22.3953560+05:30" endTime="2025-12-30T01:33:22.6242140+05:30" testType="13cdc9d9-ddb5-4fa4-a97d-d965ccfc6d4b" outcome="Passed" testListId="8c84fa94-04c1-424b-9868-57a2d4851a1d" relativeResultsDirectory="7c422e24-07f4-4a70-beca-d8a9ac12234b" />
    <UnitTestResult executionId="7042df15-7aa2-48c4-bff0-2be965747cbb" testId="f5337ad6-5701-49a5-76b1-68b629df1705" testName="DeleteUserAsync_ReturnsFalse_WhenNotFound" computerName="LT-24-280" duration="00:00:00.0032960" startTime="2025-12-30T01:33:22.3871590+05:30" endTime="2025-12-30T01:33:22.3904550+05:30" testType="13cdc9d9-ddb5-4fa4-a97d-d965ccfc6d4b" outcome="Passed" testListId="8c84fa94-04c1-424b-9868-57a2d4851a1d" relativeResultsDirectory="7042df15-7aa2-48c4-bff0-2be965747cbb" />
    <UnitTestResult executionId="16d4cfd7-6683-4587-bb83-64ada4dc759d" testId="955fa10c-2bd9-e9ae-c720-1338c843e6ae" testName="GetEmployeesAsync_ReturnsOnlyEmployees" computerName="LT-24-280" duration="00:00:00.0030109" startTime="2025-12-30T01:33:21.2098470+05:30" endTime="2025-12-30T01:33:21.2128580+05:30" testType="13cdc9d9-ddb5-4fa4-a97d-d965ccfc6d4b" outcome="Passed" testListId="8c84fa94-04c1-424b-9868-57a2d4851a1d" relativeResultsDirectory="16d4cfd7-6683-4587-bb83-64ada4dc759d" />
    <UnitTestResult executionId="e955da77-c617-4ea0-a4bd-fa4f47b54eb7" testId="81d526bc-eadd-b309-af92-b4ea336f73a2" testName="GetAssignmentsByEmployeeIdAsync_ReturnsAssignments" computerName="LT-24-280" duration="00:00:00.0006070" startTime="2025-12-30T01:33:22.3163620+05:30" endTime="2025-12-30T01:33:22.3169680+05:30" testType="13cdc9d9-ddb5-4fa4-a97d-d965ccfc6d4b" outcome="Passed" testListId="8c84fa94-04c1-424b-9868-57a2d4851a1d" relativeResultsDirectory="e955da77-c617-4ea0-a4bd-fa4f47b54eb7" />
    <UnitTestResult executionId="afbb1bca-3f8b-4060-a45f-003ac4563399" testId="fa32a911-702f-d0d6-baf9-b67f3e2c6389" testName="GetByEmployeeAndDateRangeAsync_ReturnsTimesheets" computerName="LT-24-280" duration="00:00:00.0080249" startTime="2025-12-30T01:33:21.1371130+05:30" endTime="2025-12-30T01:33:21.1451370+05:30" testType="13cdc9d9-ddb5-4fa4-a97d-d965ccfc6d4b" outcome="Passed" testListId="8c84fa94-04c1-424b-9868-57a2d4851a1d" relativeResultsDirectory="afbb1bca-3f8b-4060-a45f-003ac4563399" />
    <UnitTestResult executionId="262b917d-c7eb-40f9-9af8-ccdbe1cc7ab3" testId="e0ba0792-ee7f-5853-b6d7-3ea2ecbd50f9" testName="UpdateProjectCodeAsync_Success" computerName="LT-24-280" duration="00:00:00.0013000" startTime="2025-12-30T01:33:22.3315380+05:30" endTime="2025-12-30T01:33:22.3328380+05:30" testType="13cdc9d9-ddb5-4fa4-a97d-d965ccfc6d4b" outcome="Passed" testListId="8c84fa94-04c1-424b-9868-57a2d4851a1d" relativeResultsDirectory="262b917d-c7eb-40f9-9af8-ccdbe1cc7ab3" />
    <UnitTestResult executionId="b6a707e1-df62-4759-b138-38ed02811f13" testId="5b9c944c-aee6-59c2-1b83-5c45ffc1d8d2" testName="CanEmployeeSubmitTimesheetAsync_ReturnsFalse_WhenProjectInactive" computerName="LT-24-280" duration="00:00:00.0005050" startTime="2025-12-30T01:33:22.3139900+05:30" endTime="2025-12-30T01:33:22.3144950+05:30" testType="13cdc9d9-ddb5-4fa4-a97d-d965ccfc6d4b" outcome="Passed" testListId="8c84fa94-04c1-424b-9868-57a2d4851a1d" relativeResultsDirectory="b6a707e1-df62-4759-b138-38ed02811f13" />
    <UnitTestResult executionId="88a93e13-1186-401c-96bf-607d290e64b0" testId="0a7c2e36-6148-1a83-866c-45d6f525cbef" testName="RejectTimesheetAsync_ReturnsFalse_WhenNotFound" computerName="LT-24-280" duration="00:00:00.0005800" startTime="2025-12-30T01:33:22.3534180+05:30" endTime="2025-12-30T01:33:22.3539970+05:30" testType="13cdc9d9-ddb5-4fa4-a97d-d965ccfc6d4b" outcome="Passed" testListId="8c84fa94-04c1-424b-9868-57a2d4851a1d" relativeResultsDirectory="88a93e13-1186-401c-96bf-607d290e64b0" />
    <UnitTestResult executionId="a139bbcb-6f47-4cc4-8dd2-2e0e6cb90985" testId="bd3a7fbe-7226-d09a-d013-b54a5e5b7c0e" testName="GetBillableVsNonBillableHoursAsync_ReturnsCorrectSummary" computerName="LT-24-280" duration="00:00:00.0033780" startTime="2025-12-30T01:33:22.3338910+05:30" endTime="2025-12-30T01:33:22.3372690+05:30" testType="13cdc9d9-ddb5-4fa4-a97d-d965ccfc6d4b" outcome="Passed" testListId="8c84fa94-04c1-424b-9868-57a2d4851a1d" relativeResultsDirectory="a139bbcb-6f47-4cc4-8dd2-2e0e6cb90985" />
    <UnitTestResult executionId="8dedf335-621f-414c-8731-48a59a3ca79c" testId="e90c0322-1247-77a5-7fe1-fbb3ef77ab57" testName="GetByStatusAsync_ReturnsTimesheets" computerName="LT-24-280" duration="00:00:00.0117720" startTime="2025-12-30T01:33:21.1714880+05:30" endTime="2025-12-30T01:33:21.1832600+05:30" testType="13cdc9d9-ddb5-4fa4-a97d-d965ccfc6d4b" outcome="Passed" testListId="8c84fa94-04c1-424b-9868-57a2d4851a1d" relativeResultsDirectory="8dedf335-621f-414c-8731-48a59a3ca79c" />
    <UnitTestResult executionId="9a83dd48-8aee-446c-9db3-aae3a4ab879b" testId="01ffff72-5d40-b85c-a55d-bb1a5108738c" testName="GetTimesheetByIdAsync_ReturnsTimesheet" computerName="LT-24-280" duration="00:00:00.0003080" startTime="2025-12-30T01:33:22.3730400+05:30" endTime="2025-12-30T01:33:22.3733480+05:30" testType="13cdc9d9-ddb5-4fa4-a97d-d965ccfc6d4b" outcome="Passed" testListId="8c84fa94-04c1-424b-9868-57a2d4851a1d" relativeResultsDirectory="9a83dd48-8aee-446c-9db3-aae3a4ab879b" />
    <UnitTestResult executionId="2380b8a2-3eb0-467f-a8d9-aee82c2bc8fb" testId="5419f3f9-b3e1-ed95-655c-f6b7768b9f83" testName="GetPendingTimesheets_ReturnsOk" computerName="LT-24-280" duration="00:00:00.0005030" startTime="2025-12-30T01:33:20.7057700+05:30" endTime="2025-12-30T01:33:20.7062730+05:30" testType="13cdc9d9-ddb5-4fa4-a97d-d965ccfc6d4b" outcome="Passed" testListId="8c84fa94-04c1-424b-9868-57a2d4851a1d" relativeResultsDirectory="2380b8a2-3eb0-467f-a8d9-aee82c2bc8fb" />
    <UnitTestResult executionId="8ee0d1e6-492f-4a4d-a201-f0c9c9dcaca9" testId="ae6b4cd8-93dc-6896-a681-0e6a1d207aa2" testName="GetBillableVsNonBillableHours_ReturnsOk_WhenNull" computerName="LT-24-280" duration="00:00:00.0004740" startTime="2025-12-30T01:33:20.6938710+05:30" endTime="2025-12-30T01:33:20.6943450+05:30" testType="13cdc9d9-ddb5-4fa4-a97d-d965ccfc6d4b" outcome="Passed" testListId="8c84fa94-04c1-424b-9868-57a2d4851a1d" relativeResultsDirectory="8ee0d1e6-492f-4a4d-a201-f0c9c9dcaca9" />
    <UnitTestResult executionId="46d7bdcd-47ed-4ee0-8cc6-4a5ed4f12006" testId="ae9d0e03-c8c2-5257-8ad4-f8b3e2743507" testName="CreateTimesheetAsync_Throws_WhenDuplicateEntry" computerName="LT-24-280" duration="00:00:00.0009650" startTime="2025-12-30T01:33:22.3643560+05:30" endTime="2025-12-30T01:33:22.3653210+05:30" testType="13cdc9d9-ddb5-4fa4-a97d-d965ccfc6d4b" outcome="Passed" testListId="8c84fa94-04c1-424b-9868-57a2d4851a1d" relativeResultsDirectory="46d7bdcd-47ed-4ee0-8cc6-4a5ed4f12006" />
    <UnitTestResult executionId="c2a78a5d-ff85-4b75-bd26-977103ca7ff6" testId="100bbca5-8b01-4c26-694b-6b7811402a43" testName="LoginAsync_ReturnsToken_WhenCredentialsValid" computerName="LT-24-280" duration="00:00:00.2506109" startTime="2025-12-30T01:33:21.5612730+05:30" endTime="2025-12-30T01:33:21.8118840+05:30" testType="13cdc9d9-ddb5-4fa4-a97d-d965ccfc6d4b" outcome="Passed" testListId="8c84fa94-04c1-424b-9868-57a2d4851a1d" relativeResultsDirectory="c2a78a5d-ff85-4b75-bd26-977103ca7ff6" />
    <UnitTestResult executionId="1337a5a9-334f-4bd8-84de-6568631fc167" testId="1630e7e7-09e8-e51b-9add-a5998938bb6f" testName="GetBillableVsNonBillableHours_ReturnsOk" computerName="LT-24-280" duration="00:00:00.0015070" startTime="2025-12-30T01:33:20.6923580+05:30" endTime="2025-12-30T01:33:20.6938650+05:30" testType="13cdc9d9-ddb5-4fa4-a97d-d965ccfc6d4b" outcome="Passed" testListId="8c84fa94-04c1-424b-9868-57a2d4851a1d" relativeResultsDirectory="1337a5a9-334f-4bd8-84de-6568631fc167" />
    <UnitTestResult executionId="ef856bf0-4ac3-4c41-a9ad-8c07d8e8c7ad" testId="d76c9f18-7746-9017-cf4b-405fa99a0b10" testName="GetById_ReturnsNotFound_WhenNotFound" computerName="LT-24-280" duration="00:00:00.0004640" startTime="2025-12-30T01:33:20.6857950+05:30" endTime="2025-12-30T01:33:20.6862600+05:30" testType="13cdc9d9-ddb5-4fa4-a97d-d965ccfc6d4b" outcome="Passed" testListId="8c84fa94-04c1-424b-9868-57a2d4851a1d" relativeResultsDirectory="ef856bf0-4ac3-4c41-a9ad-8c07d8e8c7ad" />
    <UnitTestResult executionId="dba7c441-dfec-41bb-bc8a-e373849b0682" testId="9c24c68f-fe64-2253-6a9f-e5613239ae7e" testName="UpdateProjectCodeAsync_Throws_WhenNotFound" computerName="LT-24-280" duration="00:00:00.0004130" startTime="2025-12-30T01:33:22.3333850+05:30" endTime="2025-12-30T01:33:22.3337970+05:30" testType="13cdc9d9-ddb5-4fa4-a97d-d965ccfc6d4b" outcome="Passed" testListId="8c84fa94-04c1-424b-9868-57a2d4851a1d" relativeResultsDirectory="dba7c441-dfec-41bb-bc8a-e373849b0682" />
    <UnitTestResult executionId="d5afd8ec-0e26-4f56-bb36-8444ab11253e" testId="16e89799-5eb8-0bf7-bcf5-dc5a784df182" testName="GetByEmailAsync_ReturnsNull_WhenNotFound" computerName="LT-24-280" duration="00:00:00.0038500" startTime="2025-12-30T01:33:21.2044300+05:30" endTime="2025-12-30T01:33:21.2082800+05:30" testType="13cdc9d9-ddb5-4fa4-a97d-d965ccfc6d4b" outcome="Passed" testListId="8c84fa94-04c1-424b-9868-57a2d4851a1d" relativeResultsDirectory="d5afd8ec-0e26-4f56-bb36-8444ab11253e" />
    <UnitTestResult executionId="4b678b9f-e3b4-4057-8ed9-41b388b40bec" testId="27490091-6952-81c9-c393-32339cd59ffd" testName="GetEmployeeHoursSummaryAsync_ReturnsSummary" computerName="LT-24-280" duration="00:00:00.0009760" startTime="2025-12-30T01:33:22.3421020+05:30" endTime="2025-12-30T01:33:22.3430780+05:30" testType="13cdc9d9-ddb5-4fa4-a97d-d965ccfc6d4b" outcome="Passed" testListId="8c84fa94-04c1-424b-9868-57a2d4851a1d" relativeResultsDirectory="4b678b9f-e3b4-4057-8ed9-41b388b40bec" />
    <UnitTestResult executionId="0a971c32-20e8-4306-8c54-bf642ba89801" testId="a1dbe87d-5f7a-b702-e34d-89ea2e5fb6d6" testName="GetUserIdFromToken_ReturnsId" computerName="LT-24-280" duration="00:00:00.3435060" startTime="2025-12-30T01:33:21.2154490+05:30" endTime="2025-12-30T01:33:21.5589550+05:30" testType="13cdc9d9-ddb5-4fa4-a97d-d965ccfc6d4b" outcome="Passed" testListId="8c84fa94-04c1-424b-9868-57a2d4851a1d" relativeResultsDirectory="0a971c32-20e8-4306-8c54-bf642ba89801" />
    <UnitTestResult executionId="75f57b45-8a7f-47eb-a8c3-292b108f381f" testId="7d4ccea9-d9d4-6445-61af-f0446a8364f6" testName="GetByEmailAsync_ReturnsUser" computerName="LT-24-280" duration="00:00:00.0015140" startTime="2025-12-30T01:33:21.2083130+05:30" endTime="2025-12-30T01:33:21.2098270+05:30" testType="13cdc9d9-ddb5-4fa4-a97d-d965ccfc6d4b" outcome="Passed" testListId="8c84fa94-04c1-424b-9868-57a2d4851a1d" relativeResultsDirectory="75f57b45-8a7f-47eb-a8c3-292b108f381f" />
    <UnitTestResult executionId="7413d0d7-d3e0-41b3-803e-f490afce0553" testId="ecaf3e00-11a9-e522-9b8f-1a319348c7b6" testName="ApproveTimesheetAsync_ReturnsFalse_WhenNotFound" computerName="LT-24-280" duration="00:00:00.0013270" startTime="2025-12-30T01:33:22.3449180+05:30" endTime="2025-12-30T01:33:22.3462450+05:30" testType="13cdc9d9-ddb5-4fa4-a97d-d965ccfc6d4b" outcome="Passed" testListId="8c84fa94-04c1-424b-9868-57a2d4851a1d" relativeResultsDirectory="7413d0d7-d3e0-41b3-803e-f490afce0553" />
    <UnitTestResult executionId="90bf3eee-4e1f-48da-bf77-8428e783346f" testId="cb3cb574-4645-8ebc-f037-929a18892d1a" testName="AssignProjectToEmployeeAsync_Throws_WhenInvalidEmployee" computerName="LT-24-280" duration="00:00:00.0003940" startTime="2025-12-30T01:33:22.3115810+05:30" endTime="2025-12-30T01:33:22.3119750+05:30" testType="13cdc9d9-ddb5-4fa4-a97d-d965ccfc6d4b" outcome="Passed" testListId="8c84fa94-04c1-424b-9868-57a2d4851a1d" relativeResultsDirectory="90bf3eee-4e1f-48da-bf77-8428e783346f" />
    <UnitTestResult executionId="c5cc84be-9826-495b-824d-a63cfe9febe7" testId="447d6411-59a9-01c7-a76c-711edc75537d" testName="UpdateProjectAssignmentAsync_ReturnsNull_WhenNotFound" computerName="LT-24-280" duration="00:00:00.0005990" startTime="2025-12-30T01:33:22.3223400+05:30" endTime="2025-12-30T01:33:22.3229390+05:30" testType="13cdc9d9-ddb5-4fa4-a97d-d965ccfc6d4b" outcome="Passed" testListId="8c84fa94-04c1-424b-9868-57a2d4851a1d" relativeResultsDirectory="c5cc84be-9826-495b-824d-a63cfe9febe7" />
    <UnitTestResult executionId="80a5c88e-2e1e-420e-8437-6e071d42c833" testId="5473b237-61c7-f4f7-5a55-0a2e365a1cf9" testName="GetProjectHoursSummaryAsync_ReturnsSummary" computerName="LT-24-280" duration="00:00:00.0009790" startTime="2025-12-30T01:33:22.3438550+05:30" endTime="2025-12-30T01:33:22.3448340+05:30" testType="13cdc9d9-ddb5-4fa4-a97d-d965ccfc6d4b" outcome="Passed" testListId="8c84fa94-04c1-424b-9868-57a2d4851a1d" relativeResultsDirectory="80a5c88e-2e1e-420e-8437-6e071d42c833" />
    <UnitTestResult executionId="43ad98ca-17ee-4fae-98dd-f123a7175bb9" testId="d02769dc-34d4-5d79-4f92-6a9d55643a66" testName="GetEmployeeHoursSummaryAsync_ReturnsEmpty_WhenNoApproved" computerName="LT-24-280" duration="00:00:00.0006750" startTime="2025-12-30T01:33:22.3414070+05:30" endTime="2025-12-30T01:33:22.3420820+05:30" testType="13cdc9d9-ddb5-4fa4-a97d-d965ccfc6d4b" outcome="Passed" testListId="8c84fa94-04c1-424b-9868-57a2d4851a1d" relativeResultsDirectory="43ad98ca-17ee-4fae-98dd-f123a7175bb9" />
    <UnitTestResult executionId="6f8e6f7d-f5b2-4d25-bf41-338f4a64548f" testId="a2944e10-b08b-76a9-cfb1-fa00e7dfd0c2" testName="SubmitWeek_ReturnsBadRequest_WhenNoEntries" computerName="LT-24-280" duration="00:00:00.0007470" startTime="2025-12-30T01:33:20.7075210+05:30" endTime="2025-12-30T01:33:20.7082680+05:30" testType="13cdc9d9-ddb5-4fa4-a97d-d965ccfc6d4b" outcome="Passed" testListId="8c84fa94-04c1-424b-9868-57a2d4851a1d" relativeResultsDirectory="6f8e6f7d-f5b2-4d25-bf41-338f4a64548f" />
    <UnitTestResult executionId="eab7da38-b29f-42ff-b814-4429a8607c3a" testId="08d61d14-01b6-548f-ed72-778f552db7f9" testName="GetPendingTimesheetsAsync_ThrowsException_WhenRepositoryThrows" computerName="LT-24-280" duration="00:00:00.0005440" startTime="2025-12-30T01:33:22.3510420+05:30" endTime="2025-12-30T01:33:22.3515860+05:30" testType="13cdc9d9-ddb5-4fa4-a97d-d965ccfc6d4b" outcome="Passed" testListId="8c84fa94-04c1-424b-9868-57a2d4851a1d" relativeResultsDirectory="eab7da38-b29f-42ff-b814-4429a8607c3a" />
    <UnitTestResult executionId="6b96aa7c-d7f9-49c3-8ee6-8f4eb3a0050d" testId="90224977-98a6-85de-e1cb-e28bd5e85d45" testName="GetAllProjectAssignmentsAsync_ReturnsEmptyList_WhenNoAssignments" computerName="LT-24-280" duration="00:00:00.0003869" startTime="2025-12-30T01:33:22.3156010+05:30" endTime="2025-12-30T01:33:22.3159880+05:30" testType="13cdc9d9-ddb5-4fa4-a97d-d965ccfc6d4b" outcome="Passed" testListId="8c84fa94-04c1-424b-9868-57a2d4851a1d" relativeResultsDirectory="6b96aa7c-d7f9-49c3-8ee6-8f4eb3a0050d" />
    <UnitTestResult executionId="aca34136-a240-42cb-ac3e-47e76bfe3a5b" testId="9119b5bf-2c11-edac-9d50-7c7a9f261fb1" testName="LoginAsync_Throws_WhenUserNotFound" computerName="LT-24-280" duration="00:00:00.0006430" startTime="2025-12-30T01:33:22.1864740+05:30" endTime="2025-12-30T01:33:22.1871160+05:30" testType="13cdc9d9-ddb5-4fa4-a97d-d965ccfc6d4b" outcome="Passed" testListId="8c84fa94-04c1-424b-9868-57a2d4851a1d" relativeResultsDirectory="aca34136-a240-42cb-ac3e-47e76bfe3a5b" />
    <UnitTestResult executionId="de082cbf-0554-40f5-8f74-ffacda2303f5" testId="9853416b-a36c-1254-feac-cdd5a3cc6b97" testName="GetProjectHoursSummary_ReturnsOk_WhenEmpty" computerName="LT-24-280" duration="00:00:00.0004220" startTime="2025-12-30T01:33:20.6965070+05:30" endTime="2025-12-30T01:33:20.6969290+05:30" testType="13cdc9d9-ddb5-4fa4-a97d-d965ccfc6d4b" outcome="Passed" testListId="8c84fa94-04c1-424b-9868-57a2d4851a1d" relativeResultsDirectory="de082cbf-0554-40f5-8f74-ffacda2303f5" />
    <UnitTestResult executionId="e4d77e47-a276-4667-9317-6e75a8e4105d" testId="df243e01-6635-b75a-2c40-2f9f789c95a7" testName="SubmitTimesheet_ReturnsNotFound_WhenNotFound" computerName="LT-24-280" duration="00:00:00.0007130" startTime="2025-12-30T01:33:20.7062770+05:30" endTime="2025-12-30T01:33:20.7069890+05:30" testType="13cdc9d9-ddb5-4fa4-a97d-d965ccfc6d4b" outcome="Passed" testListId="8c84fa94-04c1-424b-9868-57a2d4851a1d" relativeResultsDirectory="e4d77e47-a276-4667-9317-6e75a8e4105d" />
    <UnitTestResult executionId="6df9dd28-d8d4-45a7-a2fc-4aa6bab07770" testId="ac2c8583-a52b-91b2-dd0a-b2242a89be14" testName="Create_ReturnsBadRequest_WhenServiceThrowsInvalidOperation" computerName="LT-24-280" duration="00:00:00.0004740" startTime="2025-12-30T01:33:20.6757660+05:30" endTime="2025-12-30T01:33:20.6762400+05:30" testType="13cdc9d9-ddb5-4fa4-a97d-d965ccfc6d4b" outcome="Passed" testListId="8c84fa94-04c1-424b-9868-57a2d4851a1d" relativeResultsDirectory="6df9dd28-d8d4-45a7-a2fc-4aa6bab07770" />
    <UnitTestResult executionId="1d5318ca-b4a4-4186-b5ab-2837f4ca31ce" testId="0d10a3ae-b59e-2726-107d-2ef7dd272342" testName="RegisterAsync_CreatesUser_WhenEmailNotExists" computerName="LT-24-280" duration="00:00:00.1164640" startTime="2025-12-30T01:33:22.1871460+05:30" endTime="2025-12-30T01:33:22.3036100+05:30" testType="13cdc9d9-ddb5-4fa4-a97d-d965ccfc6d4b" outcome="Passed" testListId="8c84fa94-04c1-424b-9868-57a2d4851a1d" relativeResultsDirectory="1d5318ca-b4a4-4186-b5ab-2837f4ca31ce" />
    <UnitTestResult executionId="4a2d16b0-49f9-402a-b9a8-b7e9c17d282e" testId="01f198a1-48c0-82b4-daa2-e43b3c72ee1a" testName="SubmitTimesheetAsync_SetsStatusSubmitted" computerName="LT-24-280" duration="00:00:00.0003320" startTime="2025-12-30T01:33:22.3739230+05:30" endTime="2025-12-30T01:33:22.3742550+05:30" testType="13cdc9d9-ddb5-4fa4-a97d-d965ccfc6d4b" outcome="Passed" testListId="8c84fa94-04c1-424b-9868-57a2d4851a1d" relativeResultsDirectory="4a2d16b0-49f9-402a-b9a8-b7e9c17d282e" />
    <UnitTestResult executionId="c8c3a349-0eee-4d1e-a514-2553e82d2bb4" testId="c4d58a85-f2f1-7423-3fd5-cbe7e270b5b3" testName="GetTimesheetByIdAsync_ReturnsNull_WhenNotFound" computerName="LT-24-280" duration="00:00:00.0004090" startTime="2025-12-30T01:33:22.3726260+05:30" endTime="2025-12-30T01:33:22.3730350+05:30" testType="13cdc9d9-ddb5-4fa4-a97d-d965ccfc6d4b" outcome="Passed" testListId="8c84fa94-04c1-424b-9868-57a2d4851a1d" relativeResultsDirectory="c8c3a349-0eee-4d1e-a514-2553e82d2bb4" />
    <UnitTestResult executionId="53b51688-32eb-493a-9c18-6db253745aea" testId="70203d8e-fab5-3338-97af-3400795c280f" testName="Repositories_AreNotNull" computerName="LT-24-280" duration="00:00:00.0003600" startTime="2025-12-30T01:33:22.6262550+05:30" endTime="2025-12-30T01:33:22.6266150+05:30" testType="13cdc9d9-ddb5-4fa4-a97d-d965ccfc6d4b" outcome="Passed" testListId="8c84fa94-04c1-424b-9868-57a2d4851a1d" relativeResultsDirectory="53b51688-32eb-493a-9c18-6db253745aea" />
    <UnitTestResult executionId="27b525af-c3bb-45ed-8b9f-7b6c845eeb26" testId="6903888f-331c-519e-d196-36da12f87640" testName="GetDashboardSummaryAsync_ReturnsCorrectSummary" computerName="LT-24-280" duration="00:00:00.0033880" startTime="2025-12-30T01:33:22.3379910+05:30" endTime="2025-12-30T01:33:22.3413790+05:30" testType="13cdc9d9-ddb5-4fa4-a97d-d965ccfc6d4b" outcome="Passed" testListId="8c84fa94-04c1-424b-9868-57a2d4851a1d" relativeResultsDirectory="27b525af-c3bb-45ed-8b9f-7b6c845eeb26" />
    <UnitTestResult executionId="619072d9-6696-4b1b-b625-92e0ebbee598" testId="0f187b77-4c46-e799-5315-943e88733f31" testName="GetEmployeeTimesheets_ReturnsOk" computerName="LT-24-280" duration="00:00:00.0007390" startTime="2025-12-30T01:33:20.7050140+05:30" endTime="2025-12-30T01:33:20.7057540+05:30" testType="13cdc9d9-ddb5-4fa4-a97d-d965ccfc6d4b" outcome="Passed" testListId="8c84fa94-04c1-424b-9868-57a2d4851a1d" relativeResultsDirectory="619072d9-6696-4b1b-b625-92e0ebbee598">
      <Output>
        <StdOut>TimesheetId: 1, ProjectCodeId: 0, ProjectCode: P</StdOut>
      </Output>
    </UnitTestResult>
    <UnitTestResult executionId="d60ce258-7886-45d0-bf55-e213decc742a" testId="a3322404-4d31-d92e-7550-35b756f08fb1" testName="GetAllUsersAsync_ReturnsAllUsers" computerName="LT-24-280" duration="00:00:00.0023210" startTime="2025-12-30T01:33:22.3904840+05:30" endTime="2025-12-30T01:33:22.3928050+05:30" testType="13cdc9d9-ddb5-4fa4-a97d-d965ccfc6d4b" outcome="Passed" testListId="8c84fa94-04c1-424b-9868-57a2d4851a1d" relativeResultsDirectory="d60ce258-7886-45d0-bf55-e213decc742a" />
    <UnitTestResult executionId="2edd3b55-0ee3-4c1a-b562-93b5638d306c" testId="79cb3ce7-0e65-61dd-d7cf-d8d7d8d57d4b" testName="GetProjectCodeByIdAsync_ReturnsProject" computerName="LT-24-280" duration="00:00:00.0003080" startTime="2025-12-30T01:33:22.3312140+05:30" endTime="2025-12-30T01:33:22.3315210+05:30" testType="13cdc9d9-ddb5-4fa4-a97d-d965ccfc6d4b" outcome="Passed" testListId="8c84fa94-04c1-424b-9868-57a2d4851a1d" relativeResultsDirectory="2edd3b55-0ee3-4c1a-b562-93b5638d306c" />
    <UnitTestResult executionId="72518f45-db9e-4ad4-933c-6e25d28f8821" testId="8ae9267f-8d3c-77fd-afed-50d4d923c5c6" testName="GetById_ReturnsNotFound_WhenNotFound" computerName="LT-24-280" duration="00:00:00.0005250" startTime="2025-12-30T01:33:20.6914790+05:30" endTime="2025-12-30T01:33:20.6920040+05:30" testType="13cdc9d9-ddb5-4fa4-a97d-d965ccfc6d4b" outcome="Passed" testListId="8c84fa94-04c1-424b-9868-57a2d4851a1d" relativeResultsDirectory="72518f45-db9e-4ad4-933c-6e25d28f8821" />
    <UnitTestResult executionId="7ab723f9-ed24-4793-ad3e-3003c53830c8" testId="2bfb6b2b-e168-c166-6bfb-1df92001719d" testName="Register_ReturnsBadRequest_OnFailure" computerName="LT-24-280" duration="00:00:00.0010120" startTime="2025-12-30T01:33:20.6563040+05:30" endTime="2025-12-30T01:33:20.6573160+05:30" testType="13cdc9d9-ddb5-4fa4-a97d-d965ccfc6d4b" outcome="Passed" testListId="8c84fa94-04c1-424b-9868-57a2d4851a1d" relativeResultsDirectory="7ab723f9-ed24-4793-ad3e-3003c53830c8" />
    <UnitTestResult executionId="825d1cbd-c010-4bbb-b0a9-22dca0c21c73" testId="a14968fb-d641-2163-1c46-259537c1d786" testName="HasDuplicateEntryAsync_ReturnsTrueIfDuplicate" computerName="LT-24-280" duration="00:00:00.0038130" startTime="2025-12-30T01:33:21.2005270+05:30" endTime="2025-12-30T01:33:21.2043400+05:30" testType="13cdc9d9-ddb5-4fa4-a97d-d965ccfc6d4b" outcome="Passed" testListId="8c84fa94-04c1-424b-9868-57a2d4851a1d" relativeResultsDirectory="825d1cbd-c010-4bbb-b0a9-22dca0c21c73" />
    <UnitTestResult executionId="a5b8b092-cecf-4a07-8fb6-f4bfe4c8f354" testId="2c9708de-0ca3-e6b6-ea40-ebd29ac569f5" testName="GetEmployeeHoursSummary_ReturnsOk" computerName="LT-24-280" duration="00:00:00.0007500" startTime="2025-12-30T01:33:20.6943490+05:30" endTime="2025-12-30T01:33:20.6950990+05:30" testType="13cdc9d9-ddb5-4fa4-a97d-d965ccfc6d4b" outcome="Passed" testListId="8c84fa94-04c1-424b-9868-57a2d4851a1d" relativeResultsDirectory="a5b8b092-cecf-4a07-8fb6-f4bfe4c8f354" />
    <UnitTestResult executionId="f9cfed0c-022d-47ea-8f12-007e2634272e" testId="e25e540b-7317-5375-37a9-f66163eef310" testName="ApproveTimesheet_ReturnsOk_WhenSuccess" computerName="LT-24-280" duration="00:00:00.0004250" startTime="2025-12-30T01:33:20.6984340+05:30" endTime="2025-12-30T01:33:20.6988580+05:30" testType="13cdc9d9-ddb5-4fa4-a97d-d965ccfc6d4b" outcome="Passed" testListId="8c84fa94-04c1-424b-9868-57a2d4851a1d" relativeResultsDirectory="f9cfed0c-022d-47ea-8f12-007e2634272e" />
    <UnitTestResult executionId="6967db9d-e654-41d0-ad2c-b8b6e2797222" testId="cbf0fe77-ecab-e722-7e62-f3206abd69d7" testName="GetByDateRangeAsync_ReturnsTimesheets" computerName="LT-24-280" duration="00:00:00.0239650" startTime="2025-12-30T01:33:21.1131160+05:30" endTime="2025-12-30T01:33:21.1370800+05:30" testType="13cdc9d9-ddb5-4fa4-a97d-d965ccfc6d4b" outcome="Passed" testListId="8c84fa94-04c1-424b-9868-57a2d4851a1d" relativeResultsDirectory="6967db9d-e654-41d0-ad2c-b8b6e2797222" />
    <UnitTestResult executionId="98be3fb0-d53a-4a53-a577-e84e11a98753" testId="cf832c51-bb79-7cfc-c5eb-ddc18e1d0e0b" testName="GetProjectHoursSummaryAsync_ReturnsEmpty_WhenNoApproved" computerName="LT-24-280" duration="00:00:00.0007360" startTime="2025-12-30T01:33:22.3430960+05:30" endTime="2025-12-30T01:33:22.3438310+05:30" testType="13cdc9d9-ddb5-4fa4-a97d-d965ccfc6d4b" outcome="Passed" testListId="8c84fa94-04c1-424b-9868-57a2d4851a1d" relativeResultsDirectory="98be3fb0-d53a-4a53-a577-e84e11a98753" />
    <UnitTestResult executionId="b916b1a3-6943-4acc-8fbe-eae6a5600832" testId="5c031e3d-6396-c3f8-f61c-bb982601e70b" testName="RemoveProjectAssignmentAsync_ReturnsFalse_WhenNotFound" computerName="LT-24-280" duration="00:00:00.0002709" startTime="2025-12-30T01:33:22.3220480+05:30" endTime="2025-12-30T01:33:22.3223190+05:30" testType="13cdc9d9-ddb5-4fa4-a97d-d965ccfc6d4b" outcome="Passed" testListId="8c84fa94-04c1-424b-9868-57a2d4851a1d" relativeResultsDirectory="b916b1a3-6943-4acc-8fbe-eae6a5600832" />
    <UnitTestResult executionId="3ea51edc-8961-41a1-9653-247803db5b69" testId="5876dda2-2803-fa06-94d1-b8b9b2326d57" testName="DeleteUserAsync_RemovesUser" computerName="LT-24-280" duration="00:00:00.0062040" startTime="2025-12-30T01:33:22.3809260+05:30" endTime="2025-12-30T01:33:22.3871290+05:30" testType="13cdc9d9-ddb5-4fa4-a97d-d965ccfc6d4b" outcome="Passed" testListId="8c84fa94-04c1-424b-9868-57a2d4851a1d" relativeResultsDirectory="3ea51edc-8961-41a1-9653-247803db5b69" />
    <UnitTestResult executionId="3c0bd063-c120-40aa-b1b0-f595b2d13498" testId="5108f65c-6c78-63a9-673c-e16aaa15d1b1" testName="Create_Returns500_WhenServiceIsNull" computerName="LT-24-280" duration="00:00:00.0002560" startTime="2025-12-30T01:33:20.6742070+05:30" endTime="2025-12-30T01:33:20.6744630+05:30" testType="13cdc9d9-ddb5-4fa4-a97d-d965ccfc6d4b" outcome="Passed" testListId="8c84fa94-04c1-424b-9868-57a2d4851a1d" relativeResultsDirectory="3c0bd063-c120-40aa-b1b0-f595b2d13498" />
    <UnitTestResult executionId="3876d98d-ca35-494f-bb7b-af10506ba13a" testId="8a135db8-5a00-df6b-06e8-ede61f641a0e" testName="GetAllProjectAssignmentsAsync_ReturnsAssignments" computerName="LT-24-280" duration="00:00:00.0005850" startTime="2025-12-30T01:33:22.3149950+05:30" endTime="2025-12-30T01:33:22.3155810+05:30" testType="13cdc9d9-ddb5-4fa4-a97d-d965ccfc6d4b" outcome="Passed" testListId="8c84fa94-04c1-424b-9868-57a2d4851a1d" relativeResultsDirectory="3876d98d-ca35-494f-bb7b-af10506ba13a" />
    <UnitTestResult executionId="bac1bbcd-05ba-4799-9eac-eeed27c59bdf" testId="7bd96923-6a53-284b-83ee-095d0390fd04" testName="GetAllTimesheetsAsync_ThrowsException_WhenRepositoryThrows" computerName="LT-24-280" duration="00:00:00.0003289" startTime="2025-12-30T01:33:22.3717180+05:30" endTime="2025-12-30T01:33:22.3720470+05:30" testType="13cdc9d9-ddb5-4fa4-a97d-d965ccfc6d4b" outcome="Passed" testListId="8c84fa94-04c1-424b-9868-57a2d4851a1d" relativeResultsDirectory="bac1bbcd-05ba-4799-9eac-eeed27c59bdf" />
    <UnitTestResult executionId="761f924f-894d-4949-b66a-7a36fea1222e" testId="d0c31d05-7e4a-e43a-1801-275c0c6b8229" testName="GetAllTimesheetsAsync_ReturnsTimesheets" computerName="LT-24-280" duration="00:00:00.0003320" startTime="2025-12-30T01:33:22.3713670+05:30" endTime="2025-12-30T01:33:22.3716980+05:30" testType="13cdc9d9-ddb5-4fa4-a97d-d965ccfc6d4b" outcome="Passed" testListId="8c84fa94-04c1-424b-9868-57a2d4851a1d" relativeResultsDirectory="761f924f-894d-4949-b66a-7a36fea1222e" />
    <UnitTestResult executionId="3a46c0ec-5ddc-4034-b759-bf5e861a2ab6" testId="9bbe238e-cd8b-f1b2-4d95-7d3e1600ba6a" testName="Login_ReturnsUnauthorized_OnFailure" computerName="LT-24-280" duration="00:00:00.0026860" startTime="2025-12-30T01:33:20.6536100+05:30" endTime="2025-12-30T01:33:20.6562960+05:30" testType="13cdc9d9-ddb5-4fa4-a97d-d965ccfc6d4b" outcome="Passed" testListId="8c84fa94-04c1-424b-9868-57a2d4851a1d" relativeResultsDirectory="3a46c0ec-5ddc-4034-b759-bf5e861a2ab6" />
    <UnitTestResult executionId="3045e436-a915-48b2-8832-372be1924638" testId="c210825b-92b3-b18f-d383-7e9deb03c344" testName="AssignProjectToEmployeeAsync_Throws_WhenInactiveProject" computerName="LT-24-280" duration="00:00:00.0004830" startTime="2025-12-30T01:33:22.3110760+05:30" endTime="2025-12-30T01:33:22.3115590+05:30" testType="13cdc9d9-ddb5-4fa4-a97d-d965ccfc6d4b" outcome="Passed" testListId="8c84fa94-04c1-424b-9868-57a2d4851a1d" relativeResultsDirectory="3045e436-a915-48b2-8832-372be1924638" />
    <UnitTestResult executionId="6edf4d1c-e115-4979-8e67-ebe526bd6989" testId="eb684a6f-cca2-b98d-7478-a179ca1265d6" testName="GetManagersAsync_ReturnsOnlyManagers" computerName="LT-24-280" duration="00:00:00.0024560" startTime="2025-12-30T01:33:21.2128910+05:30" endTime="2025-12-30T01:33:21.2153460+05:30" testType="13cdc9d9-ddb5-4fa4-a97d-d965ccfc6d4b" outcome="Passed" testListId="8c84fa94-04c1-424b-9868-57a2d4851a1d" relativeResultsDirectory="6edf4d1c-e115-4979-8e67-ebe526bd6989" />
    <UnitTestResult executionId="a94a0830-f8dc-4bfa-9533-7cf36dabc5ff" testId="d71d3236-5dbb-03b4-9003-e9bd5fbd9346" testName="GetByEmployeeIdAsync_ReturnsTimesheets" computerName="LT-24-280" duration="00:00:00.0144510" startTime="2025-12-30T01:33:21.1451710+05:30" endTime="2025-12-30T01:33:21.1596220+05:30" testType="13cdc9d9-ddb5-4fa4-a97d-d965ccfc6d4b" outcome="Passed" testListId="8c84fa94-04c1-424b-9868-57a2d4851a1d" relativeResultsDirectory="a94a0830-f8dc-4bfa-9533-7cf36dabc5ff" />
    <UnitTestResult executionId="6df64dc0-706a-4334-8884-4bda1836d3f8" testId="73a055f5-9214-9e4f-eb89-3bcfb19ded54" testName="UpdateTimesheet_ReturnsOk_WhenSuccess" computerName="LT-24-280" duration="00:00:00.0009590" startTime="2025-12-30T01:33:20.7100690+05:30" endTime="2025-12-30T01:33:20.7110280+05:30" testType="13cdc9d9-ddb5-4fa4-a97d-d965ccfc6d4b" outcome="Passed" testListId="8c84fa94-04c1-424b-9868-57a2d4851a1d" relativeResultsDirectory="6df64dc0-706a-4334-8884-4bda1836d3f8" />
    <UnitTestResult executionId="c55ae660-2c0f-453d-b6df-486f16200aec" testId="862b8942-dfe0-c0fe-0e32-26a351d8bc25" testName="IsEmployeeAssignedToProjectAsync_ReturnsTrueIfAssigned" computerName="LT-24-280" duration="00:00:00.0033160" startTime="2025-12-30T01:33:21.0913150+05:30" endTime="2025-12-30T01:33:21.0946310+05:30" testType="13cdc9d9-ddb5-4fa4-a97d-d965ccfc6d4b" outcome="Passed" testListId="8c84fa94-04c1-424b-9868-57a2d4851a1d" relativeResultsDirectory="c55ae660-2c0f-453d-b6df-486f16200aec" />
    <UnitTestResult executionId="8edd39f1-6c41-4600-a054-76e2ae34a646" testId="bd46c131-8288-0651-217f-f378db54cedb" testName="RejectTimesheetAsync_Throws_WhenStrategyDisallows" computerName="LT-24-280" duration="00:00:00.0056930" startTime="2025-12-30T01:33:22.3549120+05:30" endTime="2025-12-30T01:33:22.3606040+05:30" testType="13cdc9d9-ddb5-4fa4-a97d-d965ccfc6d4b" outcome="Passed" testListId="8c84fa94-04c1-424b-9868-57a2d4851a1d" relativeResultsDirectory="8edd39f1-6c41-4600-a054-76e2ae34a646" />
    <UnitTestResult executionId="fbc0ea07-a69f-439d-a5d7-72623156c538" testId="649ec5c0-11cb-f396-28c9-f3bcb911eb8a" testName="RegisterAsync_Throws_WhenEmailExists" computerName="LT-24-280" duration="00:00:00.0006190" startTime="2025-12-30T01:33:22.3036520+05:30" endTime="2025-12-30T01:33:22.3042710+05:30" testType="13cdc9d9-ddb5-4fa4-a97d-d965ccfc6d4b" outcome="Passed" testListId="8c84fa94-04c1-424b-9868-57a2d4851a1d" relativeResultsDirectory="fbc0ea07-a69f-439d-a5d7-72623156c538" />
    <UnitTestResult executionId="4cce290c-56e2-4430-8e38-ab67dd021b3b" testId="8f90292b-65cd-ec43-93da-ddd38319d873" testName="CreateTimesheet_ReturnsCreatedAtAction" computerName="LT-24-280" duration="00:00:00.0019450" startTime="2025-12-30T01:33:20.7022970+05:30" endTime="2025-12-30T01:33:20.7042420+05:30" testType="13cdc9d9-ddb5-4fa4-a97d-d965ccfc6d4b" outcome="Passed" testListId="8c84fa94-04c1-424b-9868-57a2d4851a1d" relativeResultsDirectory="4cce290c-56e2-4430-8e38-ab67dd021b3b" />
    <UnitTestResult executionId="56ee2e4e-3bbe-4420-881c-b4a86cf4bd0b" testId="f881e3d4-c546-abbc-63f9-c65f2d16ff4d" testName="GetAllProjectCodesAsync_ThrowsException_WhenRepositoryThrows" computerName="LT-24-280" duration="00:00:00.0003210" startTime="2025-12-30T01:33:22.3304690+05:30" endTime="2025-12-30T01:33:22.3307900+05:30" testType="13cdc9d9-ddb5-4fa4-a97d-d965ccfc6d4b" outcome="Passed" testListId="8c84fa94-04c1-424b-9868-57a2d4851a1d" relativeResultsDirectory="56ee2e4e-3bbe-4420-881c-b4a86cf4bd0b" />
    <UnitTestResult executionId="8df59057-0d3b-44ba-9325-50d21d4c946c" testId="f739e0a0-c320-5039-e8d8-b2628eec4c76" testName="RemoveProjectAssignmentAsync_DeletesAssignment" computerName="LT-24-280" duration="00:00:00.0037570" startTime="2025-12-30T01:33:22.3182710+05:30" endTime="2025-12-30T01:33:22.3220280+05:30" testType="13cdc9d9-ddb5-4fa4-a97d-d965ccfc6d4b" outcome="Passed" testListId="8c84fa94-04c1-424b-9868-57a2d4851a1d" relativeResultsDirectory="8df59057-0d3b-44ba-9325-50d21d4c946c" />
    <UnitTestResult executionId="f5db69ac-4188-452b-909c-b2cb6207250b" testId="5f23c129-4420-668d-93c7-c82564c8e367" testName="GetAll_ReturnsOk" computerName="LT-24-280" duration="00:00:00.0015310" startTime="2025-12-30T01:33:20.7111430+05:30" endTime="2025-12-30T01:33:20.7126740+05:30" testType="13cdc9d9-ddb5-4fa4-a97d-d965ccfc6d4b" outcome="Passed" testListId="8c84fa94-04c1-424b-9868-57a2d4851a1d" relativeResultsDirectory="f5db69ac-4188-452b-909c-b2cb6207250b" />
    <UnitTestResult executionId="db228772-24bd-4e56-8bd3-b89697d5bf6e" testId="218502e1-1706-02dd-4dce-1da3b7803ad1" testName="Update_ReturnsNotFound_WhenNotFound" computerName="LT-24-280" duration="00:00:00.0004600" startTime="2025-12-30T01:33:20.6874000+05:30" endTime="2025-12-30T01:33:20.6878590+05:30" testType="13cdc9d9-ddb5-4fa4-a97d-d965ccfc6d4b" outcome="Passed" testListId="8c84fa94-04c1-424b-9868-57a2d4851a1d" relativeResultsDirectory="db228772-24bd-4e56-8bd3-b89697d5bf6e" />
    <UnitTestResult executionId="76cd6620-f788-42e4-ba1e-c06e06dd2a9c" testId="853aa999-30d3-3335-ae07-29f1ce39b693" testName="GetUserByIdAsync_ReturnsNull_WhenNotFound" computerName="LT-24-280" duration="00:00:00.0008560" startTime="2025-12-30T01:33:22.3928300+05:30" endTime="2025-12-30T01:33:22.3936860+05:30" testType="13cdc9d9-ddb5-4fa4-a97d-d965ccfc6d4b" outcome="Passed" testListId="8c84fa94-04c1-424b-9868-57a2d4851a1d" relativeResultsDirectory="76cd6620-f788-42e4-ba1e-c06e06dd2a9c" />
    <UnitTestResult executionId="460ecb81-7edc-4f89-8083-15aad03e4079" testId="c3a4c2b8-31a3-0b92-b34e-f6414d8aef2e" testName="UpdateTimesheet_ReturnsNotFound_WhenNotFound" computerName="LT-24-280" duration="00:00:00.0009730" startTime="2025-12-30T01:33:20.7090640+05:30" endTime="2025-12-30T01:33:20.7100370+05:30" testType="13cdc9d9-ddb5-4fa4-a97d-d965ccfc6d4b" outcome="Passed" testListId="8c84fa94-04c1-424b-9868-57a2d4851a1d" relativeResultsDirectory="460ecb81-7edc-4f89-8083-15aad03e4079" />
    <UnitTestResult executionId="00d737f2-5377-4811-b309-2b5bd88a0521" testId="66d1346e-0a64-5faf-8f24-55ec8b6dc61b" testName="Delete_ReturnsNotFound_WhenNotFound" computerName="LT-24-280" duration="00:00:00.0008160" startTime="2025-12-30T01:33:20.6778700+05:30" endTime="2025-12-30T01:33:20.6786860+05:30" testType="13cdc9d9-ddb5-4fa4-a97d-d965ccfc6d4b" outcome="Passed" testListId="8c84fa94-04c1-424b-9868-57a2d4851a1d" relativeResultsDirectory="00d737f2-5377-4811-b309-2b5bd88a0521" />
    <UnitTestResult executionId="f9e57add-3f67-489f-9eef-c7cc890eb620" testId="1aa8c8d3-5d87-79af-9a0e-dbbfda8f0d71" testName="GetEmployeeHoursSummary_ReturnsOk_WhenEmpty" computerName="LT-24-280" duration="00:00:00.0005109" startTime="2025-12-30T01:33:20.6951130+05:30" endTime="2025-12-30T01:33:20.6956240+05:30" testType="13cdc9d9-ddb5-4fa4-a97d-d965ccfc6d4b" outcome="Passed" testListId="8c84fa94-04c1-424b-9868-57a2d4851a1d" relativeResultsDirectory="f9e57add-3f67-489f-9eef-c7cc890eb620" />
    <UnitTestResult executionId="580a3a0c-aedb-4a07-b607-f3702a94e736" testId="befec7f5-dc6e-2a89-4b9b-5df5a68f20d8" testName="GetAssignmentsByProjectCodeIdAsync_ReturnsAssignments" computerName="LT-24-280" duration="00:00:00.0105000" startTime="2025-12-30T01:33:21.0807830+05:30" endTime="2025-12-30T01:33:21.0912830+05:30" testType="13cdc9d9-ddb5-4fa4-a97d-d965ccfc6d4b" outcome="Passed" testListId="8c84fa94-04c1-424b-9868-57a2d4851a1d" relativeResultsDirectory="580a3a0c-aedb-4a07-b607-f3702a94e736" />
    <UnitTestResult executionId="64d0093b-cb5d-43aa-8069-d3dd7a8034db" testId="b6b7e4c0-c11b-21cc-0d38-a7afcbcf7868" testName="DeleteTimesheetAsync_ReturnsFalse_WhenNotFound" computerName="LT-24-280" duration="00:00:00.0002830" startTime="2025-12-30T01:33:22.3702050+05:30" endTime="2025-12-30T01:33:22.3704870+05:30" testType="13cdc9d9-ddb5-4fa4-a97d-d965ccfc6d4b" outcome="Passed" testListId="8c84fa94-04c1-424b-9868-57a2d4851a1d" relativeResultsDirectory="64d0093b-cb5d-43aa-8069-d3dd7a8034db" />
    <UnitTestResult executionId="7e254e22-f339-4abe-85d3-6fc9c62027e5" testId="8572ae34-5827-6aa3-1c21-043d45738f8c" testName="CanEmployeeSubmitTimesheetAsync_ReturnsTrue_WhenAssignedAndActive" computerName="LT-24-280" duration="00:00:00.0004630" startTime="2025-12-30T01:33:22.3145140+05:30" endTime="2025-12-30T01:33:22.3149770+05:30" testType="13cdc9d9-ddb5-4fa4-a97d-d965ccfc6d4b" outcome="Passed" testListId="8c84fa94-04c1-424b-9868-57a2d4851a1d" relativeResultsDirectory="7e254e22-f339-4abe-85d3-6fc9c62027e5" />
    <UnitTestResult executionId="7da5e01e-d2d8-4d8d-853c-e941c692f854" testId="994a2dfc-b10a-8947-f708-43469c630863" testName="GetPendingTimesheetsAsync_ReturnsTimesheets" computerName="LT-24-280" duration="00:00:00.0009200" startTime="2025-12-30T01:33:22.3500990+05:30" endTime="2025-12-30T01:33:22.3510190+05:30" testType="13cdc9d9-ddb5-4fa4-a97d-d965ccfc6d4b" outcome="Passed" testListId="8c84fa94-04c1-424b-9868-57a2d4851a1d" relativeResultsDirectory="7da5e01e-d2d8-4d8d-853c-e941c692f854" />
    <UnitTestResult executionId="9c491218-4c4b-462e-bc9f-0c6210eade0a" testId="16ba936f-ea41-93ce-6019-e86d1a1b3a60" testName="GetBillableVsNonBillableHoursAsync_ReturnsZero_WhenNoApproved" computerName="LT-24-280" duration="00:00:00.0006680" startTime="2025-12-30T01:33:22.3372980+05:30" endTime="2025-12-30T01:33:22.3379660+05:30" testType="13cdc9d9-ddb5-4fa4-a97d-d965ccfc6d4b" outcome="Passed" testListId="8c84fa94-04c1-424b-9868-57a2d4851a1d" relativeResultsDirectory="9c491218-4c4b-462e-bc9f-0c6210eade0a" />
    <UnitTestResult executionId="aae3ffa8-094e-4cfb-b3a3-1adf6b384d0b" testId="41304801-ffff-e34c-2ae8-7b08fac793b7" testName="CreateTimesheetAsync_Throws_WhenTotalHoursExceed" computerName="LT-24-280" duration="00:00:00.0010090" startTime="2025-12-30T01:33:22.3679690+05:30" endTime="2025-12-30T01:33:22.3689770+05:30" testType="13cdc9d9-ddb5-4fa4-a97d-d965ccfc6d4b" outcome="Passed" testListId="8c84fa94-04c1-424b-9868-57a2d4851a1d" relativeResultsDirectory="aae3ffa8-094e-4cfb-b3a3-1adf6b384d0b" />
    <UnitTestResult executionId="45a24481-1ac6-4e2e-bf6c-1ccea390c1ff" testId="1ede82e5-ea27-e89e-2a29-23c6e2361cab" testName="GetActiveAssignmentsByEmployeeIdAsync_ReturnsActive" computerName="LT-24-280" duration="00:00:00.3319010" startTime="2025-12-30T01:33:20.7127720+05:30" endTime="2025-12-30T01:33:21.0446730+05:30" testType="13cdc9d9-ddb5-4fa4-a97d-d965ccfc6d4b" outcome="Passed" testListId="8c84fa94-04c1-424b-9868-57a2d4851a1d" relativeResultsDirectory="45a24481-1ac6-4e2e-bf6c-1ccea390c1ff" />
    <UnitTestResult executionId="c476a77c-9f8c-4c20-809e-7be7240dbead" testId="d71f5ac4-be95-3ca4-36cc-840478f4e9ba" testName="ValidateToken_ReturnsTrue_ForValidToken" computerName="LT-24-280" duration="00:00:00.0003320" startTime="2025-12-30T01:33:22.3046550+05:30" endTime="2025-12-30T01:33:22.3049870+05:30" testType="13cdc9d9-ddb5-4fa4-a97d-d965ccfc6d4b" outcome="Passed" testListId="8c84fa94-04c1-424b-9868-57a2d4851a1d" relativeResultsDirectory="c476a77c-9f8c-4c20-809e-7be7240dbead" />
    <UnitTestResult executionId="2c05f969-86d5-49fa-b5e8-7509cf5ce64a" testId="30694898-5446-84f4-96e5-ac2484e02951" testName="RejectTimesheet_ReturnsOk_WhenSuccess" computerName="LT-24-280" duration="00:00:00.0003570" startTime="2025-12-30T01:33:20.7018840+05:30" endTime="2025-12-30T01:33:20.7022410+05:30" testType="13cdc9d9-ddb5-4fa4-a97d-d965ccfc6d4b" outcome="Passed" testListId="8c84fa94-04c1-424b-9868-57a2d4851a1d" relativeResultsDirectory="2c05f969-86d5-49fa-b5e8-7509cf5ce64a" />
    <UnitTestResult executionId="520d03d8-ed4f-44c5-b177-f0011ba92531" testId="ebb878a1-5470-3463-7929-345afd7af5c3" testName="CanEmployeeSubmitTimesheetAsync_ReturnsFalse_WhenNotAssigned" computerName="LT-24-280" duration="00:00:00.0010300" startTime="2025-12-30T01:33:22.3129420+05:30" endTime="2025-12-30T01:33:22.3139720+05:30" testType="13cdc9d9-ddb5-4fa4-a97d-d965ccfc6d4b" outcome="Passed" testListId="8c84fa94-04c1-424b-9868-57a2d4851a1d" relativeResultsDirectory="520d03d8-ed4f-44c5-b177-f0011ba92531" />
    <UnitTestResult executionId="bfe2f37d-138d-45a8-97d1-e7b74081f7f4" testId="807b66cb-100a-29f1-b27e-16737d43d059" testName="ValidateToken_ReturnsFalse_ForInvalidToken" computerName="LT-24-280" duration="00:00:00.0003420" startTime="2025-12-30T01:33:22.3042930+05:30" endTime="2025-12-30T01:33:22.3046350+05:30" testType="13cdc9d9-ddb5-4fa4-a97d-d965ccfc6d4b" outcome="Passed" testListId="8c84fa94-04c1-424b-9868-57a2d4851a1d" relativeResultsDirectory="bfe2f37d-138d-45a8-97d1-e7b74081f7f4" />
    <UnitTestResult executionId="9a4ef0ee-b31e-4801-a9c6-3ec6214c74fd" testId="627057f8-9d96-ea2f-1907-e1d5c63560d9" testName="Create_Returns500_WhenServiceThrowsException" computerName="LT-24-280" duration="00:00:00.0010560" startTime="2025-12-30T01:33:20.6744840+05:30" endTime="2025-12-30T01:33:20.6755400+05:30" testType="13cdc9d9-ddb5-4fa4-a97d-d965ccfc6d4b" outcome="Passed" testListId="8c84fa94-04c1-424b-9868-57a2d4851a1d" relativeResultsDirectory="9a4ef0ee-b31e-4801-a9c6-3ec6214c74fd" />
    <UnitTestResult executionId="36291fa1-a0a4-4545-96e3-7b5cdc156313" testId="d382f0c0-730e-89db-ad13-f008a44ef9e6" testName="GetPendingTimesheetsAsync_ReturnsEmpty_WhenNoPending" computerName="LT-24-280" duration="00:00:00.0017980" startTime="2025-12-30T01:33:22.3482810+05:30" endTime="2025-12-30T01:33:22.3500800+05:30" testType="13cdc9d9-ddb5-4fa4-a97d-d965ccfc6d4b" outcome="Passed" testListId="8c84fa94-04c1-424b-9868-57a2d4851a1d" relativeResultsDirectory="36291fa1-a0a4-4545-96e3-7b5cdc156313" />
    <UnitTestResult executionId="740b1d3a-4432-4a46-aedc-56b453d998b5" testId="227e0f6e-ce8e-fd9e-b7d0-fd2041fb95ec" testName="GetActiveAssignmentsByEmployee_ReturnsOk" computerName="LT-24-280" duration="00:00:00.0051450" startTime="2025-12-30T01:33:20.6789540+05:30" endTime="2025-12-30T01:33:20.6840990+05:30" testType="13cdc9d9-ddb5-4fa4-a97d-d965ccfc6d4b" outcome="Passed" testListId="8c84fa94-04c1-424b-9868-57a2d4851a1d" relativeResultsDirectory="740b1d3a-4432-4a46-aedc-56b453d998b5" />
    <UnitTestResult executionId="9f5a8b6b-4f24-4183-9138-3c7c2b00c112" testId="724ebe56-742f-9a5f-386f-43ed16f4abb0" testName="RejectTimesheet_ReturnsBadRequest_WhenFail" computerName="LT-24-280" duration="00:00:00.0007429" startTime="2025-12-30T01:33:20.7009100+05:30" endTime="2025-12-30T01:33:20.7016530+05:30" testType="13cdc9d9-ddb5-4fa4-a97d-d965ccfc6d4b" outcome="Passed" testListId="8c84fa94-04c1-424b-9868-57a2d4851a1d" relativeResultsDirectory="9f5a8b6b-4f24-4183-9138-3c7c2b00c112" />
    <UnitTestResult executionId="910ac449-e13a-4d7f-9a6e-3b27184c18bf" testId="7326661c-7050-7168-4d86-6eb63c789466" testName="GetTimesheetsByStatusAsync_ReturnsTimesheets" computerName="LT-24-280" duration="00:00:00.0007010" startTime="2025-12-30T01:33:22.3526980+05:30" endTime="2025-12-30T01:33:22.3533990+05:30" testType="13cdc9d9-ddb5-4fa4-a97d-d965ccfc6d4b" outcome="Passed" testListId="8c84fa94-04c1-424b-9868-57a2d4851a1d" relativeResultsDirectory="910ac449-e13a-4d7f-9a6e-3b27184c18bf" />
    <UnitTestResult executionId="56502284-eda0-404c-93d5-f6558a23d0b3" testId="660cf7aa-bdf7-1f0a-0fff-f3465accf57c" testName="GetById_ReturnsOk_WhenFound" computerName="LT-24-280" duration="00:00:00.0003050" startTime="2025-12-30T01:33:20.6920070+05:30" endTime="2025-12-30T01:33:20.6923130+05:30" testType="13cdc9d9-ddb5-4fa4-a97d-d965ccfc6d4b" outcome="Passed" testListId="8c84fa94-04c1-424b-9868-57a2d4851a1d" relativeResultsDirectory="56502284-eda0-404c-93d5-f6558a23d0b3" />
    <UnitTestResult executionId="4504abf3-c586-4bc2-b11b-0fdae864966a" testId="c8215543-3b6b-6198-c297-c803b24cd9a6" testName="GetAssignmentsByEmployeeIdAsync_ReturnsAssignments" computerName="LT-24-280" duration="00:00:00.0189950" startTime="2025-12-30T01:33:21.0617510+05:30" endTime="2025-12-30T01:33:21.0807460+05:30" testType="13cdc9d9-ddb5-4fa4-a97d-d965ccfc6d4b" outcome="Passed" testListId="8c84fa94-04c1-424b-9868-57a2d4851a1d" relativeResultsDirectory="4504abf3-c586-4bc2-b11b-0fdae864966a" />
    <UnitTestResult executionId="183ea9e4-347b-4301-ba38-4508b8ebad63" testId="6ffd8e6c-1b74-7139-65c6-eeec4cb7d9aa" testName="GetAllTimesheetsAsync_ReturnsEmptyList_WhenNoTimesheets" computerName="LT-24-280" duration="00:00:00.0004400" startTime="2025-12-30T01:33:22.3709020+05:30" endTime="2025-12-30T01:33:22.3713420+05:30" testType="13cdc9d9-ddb5-4fa4-a97d-d965ccfc6d4b" outcome="Passed" testListId="8c84fa94-04c1-424b-9868-57a2d4851a1d" relativeResultsDirectory="183ea9e4-347b-4301-ba38-4508b8ebad63" />
    <UnitTestResult executionId="a2184679-3b2f-4cdf-91e7-2a30d621b8ab" testId="8d939b5f-727d-bd48-2dd8-c04cc6859afc" testName="LoginAsync_Throws_WhenUserInactive" computerName="LT-24-280" duration="00:00:00.1121210" startTime="2025-12-30T01:33:22.0743130+05:30" endTime="2025-12-30T01:33:22.1864340+05:30" testType="13cdc9d9-ddb5-4fa4-a97d-d965ccfc6d4b" outcome="Passed" testListId="8c84fa94-04c1-424b-9868-57a2d4851a1d" relativeResultsDirectory="a2184679-3b2f-4cdf-91e7-2a30d621b8ab" />
    <UnitTestResult executionId="e288d568-5387-42c0-a48c-da46cce61425" testId="c30a297f-0314-28cb-0673-2472322b68a5" testName="DeleteTimesheetAsync_DeletesDraft" computerName="LT-24-280" duration="00:00:00.0011850" startTime="2025-12-30T01:33:22.3690020+05:30" endTime="2025-12-30T01:33:22.3701870+05:30" testType="13cdc9d9-ddb5-4fa4-a97d-d965ccfc6d4b" outcome="Passed" testListId="8c84fa94-04c1-424b-9868-57a2d4851a1d" relativeResultsDirectory="e288d568-5387-42c0-a48c-da46cce61425" />
    <UnitTestResult executionId="64b75bab-0718-4ef4-85a7-57ec57987647" testId="575e3157-6a3f-70db-f946-3556b441572e" testName="GetPendingTimesheets_ReturnsOk" computerName="LT-24-280" duration="00:00:00.0012720" startTime="2025-12-30T01:33:20.6988760+05:30" endTime="2025-12-30T01:33:20.7001480+05:30" testType="13cdc9d9-ddb5-4fa4-a97d-d965ccfc6d4b" outcome="Passed" testListId="8c84fa94-04c1-424b-9868-57a2d4851a1d" relativeResultsDirectory="64b75bab-0718-4ef4-85a7-57ec57987647" />
    <UnitTestResult executionId="d6013d97-d9d6-4816-a482-912b68bb1c9e" testId="f16314d0-1fc8-a604-b72d-4e44b6d81dff" testName="GetTotalHoursForDateAsync_ReturnsSum" computerName="LT-24-280" duration="00:00:00.0055779" startTime="2025-12-30T01:33:21.1949150+05:30" endTime="2025-12-30T01:33:21.2004930+05:30" testType="13cdc9d9-ddb5-4fa4-a97d-d965ccfc6d4b" outcome="Passed" testListId="8c84fa94-04c1-424b-9868-57a2d4851a1d" relativeResultsDirectory="d6013d97-d9d6-4816-a482-912b68bb1c9e" />
    <UnitTestResult executionId="0d7ac10a-accd-452b-b991-23fb78fc5cef" testId="4e3889be-0022-d685-56a5-3b393aee64d0" testName="CreateProjectCodeAsync_Throws_WhenDuplicateCode" computerName="LT-24-280" duration="00:00:00.0005730" startTime="2025-12-30T01:33:22.3262910+05:30" endTime="2025-12-30T01:33:22.3268640+05:30" testType="13cdc9d9-ddb5-4fa4-a97d-d965ccfc6d4b" outcome="Passed" testListId="8c84fa94-04c1-424b-9868-57a2d4851a1d" relativeResultsDirectory="0d7ac10a-accd-452b-b991-23fb78fc5cef" />
    <UnitTestResult executionId="64bf27ea-3995-418d-9876-9fa5b09b23b1" testId="99a23967-c823-8060-89d0-ef840231eb84" testName="UpdateUserAsync_UpdatesUser" computerName="LT-24-280" duration="00:00:00.0010570" startTime="2025-12-30T01:33:22.3942080+05:30" endTime="2025-12-30T01:33:22.3952650+05:30" testType="13cdc9d9-ddb5-4fa4-a97d-d965ccfc6d4b" outcome="Passed" testListId="8c84fa94-04c1-424b-9868-57a2d4851a1d" relativeResultsDirectory="64bf27ea-3995-418d-9876-9fa5b09b23b1" />
    <UnitTestResult executionId="52539e23-ba79-41f5-92b0-debb55335c08" testId="203a9245-3139-e964-4c06-66dac3818c7d" testName="Create_Returns500_WhenMapperIsNull" computerName="LT-24-280" duration="00:00:00.0015370" startTime="2025-12-30T01:33:20.6726470+05:30" endTime="2025-12-30T01:33:20.6741840+05:30" testType="13cdc9d9-ddb5-4fa4-a97d-d965ccfc6d4b" outcome="Passed" testListId="8c84fa94-04c1-424b-9868-57a2d4851a1d" relativeResultsDirectory="52539e23-ba79-41f5-92b0-debb55335c08" />
    <UnitTestResult executionId="c5f69f86-a416-42bc-8e7a-4bb339c1b279" testId="13598da6-1ae7-2fa5-c0da-5978bb74e268" testName="UpdateProjectAssignmentAsync_UpdatesFields" computerName="LT-24-280" duration="00:00:00.0018800" startTime="2025-12-30T01:33:22.3229570+05:30" endTime="2025-12-30T01:33:22.3248370+05:30" testType="13cdc9d9-ddb5-4fa4-a97d-d965ccfc6d4b" outcome="Passed" testListId="8c84fa94-04c1-424b-9868-57a2d4851a1d" relativeResultsDirectory="c5f69f86-a416-42bc-8e7a-4bb339c1b279" />
    <UnitTestResult executionId="99ee0e49-af33-48af-b45d-d787c963421d" testId="3362c4e5-9a99-b8e5-a593-b9a009973c46" testName="Login_ReturnsOk_OnSuccess" computerName="LT-24-280" duration="00:00:00.0304970" startTime="2025-12-30T01:33:20.6225810+05:30" endTime="2025-12-30T01:33:20.6530540+05:30" testType="13cdc9d9-ddb5-4fa4-a97d-d965ccfc6d4b" outcome="Passed" testListId="8c84fa94-04c1-424b-9868-57a2d4851a1d" relativeResultsDirectory="99ee0e49-af33-48af-b45d-d787c963421d" />
    <UnitTestResult executionId="ab897ae8-4bb9-4e9c-8f0a-22ae01ea0d6d" testId="a90d3fad-ab21-98c6-2517-b157ad7f5e12" testName="RejectTimesheet_ReturnsBadRequest_WhenNoComments" computerName="LT-24-280" duration="00:00:00.0002120" startTime="2025-12-30T01:33:20.7016670+05:30" endTime="2025-12-30T01:33:20.7018790+05:30" testType="13cdc9d9-ddb5-4fa4-a97d-d965ccfc6d4b" outcome="Passed" testListId="8c84fa94-04c1-424b-9868-57a2d4851a1d" relativeResultsDirectory="ab897ae8-4bb9-4e9c-8f0a-22ae01ea0d6d" />
    <UnitTestResult executionId="99130fc5-e95e-4f6f-8a31-a05e1b0b4836" testId="41921315-349c-e88e-fd40-103bebce0d03" testName="DeleteProjectCodeAsync_ReturnsFalse_WhenNotFound" computerName="LT-24-280" duration="00:00:00.0002750" startTime="2025-12-30T01:33:22.3281240+05:30" endTime="2025-12-30T01:33:22.3283990+05:30" testType="13cdc9d9-ddb5-4fa4-a97d-d965ccfc6d4b" outcome="Passed" testListId="8c84fa94-04c1-424b-9868-57a2d4851a1d" relativeResultsDirectory="99130fc5-e95e-4f6f-8a31-a05e1b0b4836" />
    <UnitTestResult executionId="9ea68bc2-969a-4233-b9af-14b64bb82843" testId="d29cad40-58f2-f1ff-7ac9-ce9008470d16" testName="SubmitTimesheet_ReturnsOk_WhenSuccess" computerName="LT-24-280" duration="00:00:00.0004790" startTime="2025-12-30T01:33:20.7070040+05:30" endTime="2025-12-30T01:33:20.7074830+05:30" testType="13cdc9d9-ddb5-4fa4-a97d-d965ccfc6d4b" outcome="Passed" testListId="8c84fa94-04c1-424b-9868-57a2d4851a1d" relativeResultsDirectory="9ea68bc2-969a-4233-b9af-14b64bb82843" />
    <UnitTestResult executionId="f198b481-1aa8-41fd-972a-a0e24bbad46c" testId="dbe59154-24ef-5c0b-3505-98980b13510c" testName="DeleteProjectCodeAsync_Throws_WhenRepositoryThrows" computerName="LT-24-280" duration="00:00:00.0003579" startTime="2025-12-30T01:33:22.3284170+05:30" endTime="2025-12-30T01:33:22.3287760+05:30" testType="13cdc9d9-ddb5-4fa4-a97d-d965ccfc6d4b" outcome="Passed" testListId="8c84fa94-04c1-424b-9868-57a2d4851a1d" relativeResultsDirectory="f198b481-1aa8-41fd-972a-a0e24bbad46c" />
    <UnitTestResult executionId="8da4af92-24da-4fe8-b7dc-ef51689267ff" testId="328e00e2-e27b-25fb-20ac-d3cc0035843d" testName="CreateUserAsync_AddsUser" computerName="LT-24-280" duration="00:00:00.0030699" startTime="2025-12-30T01:33:22.3778340+05:30" endTime="2025-12-30T01:33:22.3809040+05:30" testType="13cdc9d9-ddb5-4fa4-a97d-d965ccfc6d4b" outcome="Passed" testListId="8c84fa94-04c1-424b-9868-57a2d4851a1d" relativeResultsDirectory="8da4af92-24da-4fe8-b7dc-ef51689267ff" />
    <UnitTestResult executionId="32528ad8-516a-456e-8064-00554876048e" testId="8d660239-5942-9f56-f8cf-2d213fe80b00" testName="DeleteTimesheetAsync_Throws_WhenNotDraft" computerName="LT-24-280" duration="00:00:00.0003760" startTime="2025-12-30T01:33:22.3705050+05:30" endTime="2025-12-30T01:33:22.3708810+05:30" testType="13cdc9d9-ddb5-4fa4-a97d-d965ccfc6d4b" outcome="Passed" testListId="8c84fa94-04c1-424b-9868-57a2d4851a1d" relativeResultsDirectory="32528ad8-516a-456e-8064-00554876048e" />
    <UnitTestResult executionId="89568d61-eaaa-45cf-9240-307beec09d8b" testId="37b72a21-e90e-cc34-9d93-e62ae612be68" testName="GetAllProjectAssignmentsAsync_ReturnsAll" computerName="LT-24-280" duration="00:00:00.0170090" startTime="2025-12-30T01:33:21.0447100+05:30" endTime="2025-12-30T01:33:21.0617190+05:30" testType="13cdc9d9-ddb5-4fa4-a97d-d965ccfc6d4b" outcome="Passed" testListId="8c84fa94-04c1-424b-9868-57a2d4851a1d" relativeResultsDirectory="89568d61-eaaa-45cf-9240-307beec09d8b" />
    <UnitTestResult executionId="0407e037-e801-41a1-aff7-4ef0f5303131" testId="f7dc3289-9373-0a95-0524-59090a9ce2e4" testName="GetAssignmentsByProjectCodeIdAsync_ReturnsAssignments" computerName="LT-24-280" duration="00:00:00.0006970" startTime="2025-12-30T01:33:22.3169890+05:30" endTime="2025-12-30T01:33:22.3176860+05:30" testType="13cdc9d9-ddb5-4fa4-a97d-d965ccfc6d4b" outcome="Passed" testListId="8c84fa94-04c1-424b-9868-57a2d4851a1d" relativeResultsDirectory="0407e037-e801-41a1-aff7-4ef0f5303131" />
    <UnitTestResult executionId="5b86eb9b-072f-46f6-8e23-f16400a088bb" testId="53dfdb34-c7dc-8cb2-ad4b-773bb7d92c84" testName="GetByEmployee_ReturnsOk" computerName="LT-24-280" duration="00:00:00.0008950" startTime="2025-12-30T01:33:20.6848950+05:30" endTime="2025-12-30T01:33:20.6857900+05:30" testType="13cdc9d9-ddb5-4fa4-a97d-d965ccfc6d4b" outcome="Passed" testListId="8c84fa94-04c1-424b-9868-57a2d4851a1d" relativeResultsDirectory="5b86eb9b-072f-46f6-8e23-f16400a088bb" />
    <UnitTestResult executionId="7d5462d0-6892-4b3e-86fe-50c34b6ebb66" testId="9017366c-8ed1-01f3-9c4c-72f1fcd01414" testName="GetByProject_ReturnsOk" computerName="LT-24-280" duration="00:00:00.0006390" startTime="2025-12-30T01:33:20.6867570+05:30" endTime="2025-12-30T01:33:20.6873960+05:30" testType="13cdc9d9-ddb5-4fa4-a97d-d965ccfc6d4b" outcome="Passed" testListId="8c84fa94-04c1-424b-9868-57a2d4851a1d" relativeResultsDirectory="7d5462d0-6892-4b3e-86fe-50c34b6ebb66" />
    <UnitTestResult executionId="f426b1e0-4ea3-4a00-a8b7-89bfd2d78c33" testId="7d91fca6-880b-ddb5-9a7b-fa2c58746909" testName="Create_ReturnsBadRequest_WhenDtoIsNull" computerName="LT-24-280" duration="00:00:00.0001900" startTime="2025-12-30T01:33:20.6755590+05:30" endTime="2025-12-30T01:33:20.6757480+05:30" testType="13cdc9d9-ddb5-4fa4-a97d-d965ccfc6d4b" outcome="Passed" testListId="8c84fa94-04c1-424b-9868-57a2d4851a1d" relativeResultsDirectory="f426b1e0-4ea3-4a00-a8b7-89bfd2d78c33" />
    <UnitTestResult executionId="95ea1387-c861-4260-9c1a-5f6591fa24d7" testId="2f395178-a46e-a15f-ca7e-325287b5b1ce" testName="GetAllProjectCodesAsync_ReturnsEmptyList_WhenNoCodes" computerName="LT-24-280" duration="00:00:00.0004090" startTime="2025-12-30T01:33:22.3297310+05:30" endTime="2025-12-30T01:33:22.3301400+05:30" testType="13cdc9d9-ddb5-4fa4-a97d-d965ccfc6d4b" outcome="Passed" testListId="8c84fa94-04c1-424b-9868-57a2d4851a1d" relativeResultsDirectory="95ea1387-c861-4260-9c1a-5f6591fa24d7" />
    <UnitTestResult executionId="c4dd18ff-335a-4618-b3c2-d2ada4b7d54a" testId="a5528485-4cd7-a820-f246-4631c616d412" testName="UpdateTimesheetAsync_UpdatesFields" computerName="LT-24-280" duration="00:00:00.0019240" startTime="2025-12-30T01:33:22.3758190+05:30" endTime="2025-12-30T01:33:22.3777430+05:30" testType="13cdc9d9-ddb5-4fa4-a97d-d965ccfc6d4b" outcome="Passed" testListId="8c84fa94-04c1-424b-9868-57a2d4851a1d" relativeResultsDirectory="c4dd18ff-335a-4618-b3c2-d2ada4b7d54a" />
    <UnitTestResult executionId="681f62ba-66c8-4c9f-91fb-f2f5f630448c" testId="2d53dda2-8946-7231-2e07-a4dc39cff8b1" testName="ApproveTimesheet_ReturnsBadRequest_WhenFail" computerName="LT-24-280" duration="00:00:00.0013990" startTime="2025-12-30T01:33:20.6970090+05:30" endTime="2025-12-30T01:33:20.6984080+05:30" testType="13cdc9d9-ddb5-4fa4-a97d-d965ccfc6d4b" outcome="Passed" testListId="8c84fa94-04c1-424b-9868-57a2d4851a1d" relativeResultsDirectory="681f62ba-66c8-4c9f-91fb-f2f5f630448c" />
    <UnitTestResult executionId="d1307701-f7a8-4f65-af80-e986bd7d8b5b" testId="72d6e3a4-b23d-fe63-b5eb-9301b7d2a9a9" testName="GetActive_ReturnsOk" computerName="LT-24-280" duration="00:00:00.0013010" startTime="2025-12-30T01:33:20.6896850+05:30" endTime="2025-12-30T01:33:20.6909860+05:30" testType="13cdc9d9-ddb5-4fa4-a97d-d965ccfc6d4b" outcome="Passed" testListId="8c84fa94-04c1-424b-9868-57a2d4851a1d" relativeResultsDirectory="d1307701-f7a8-4f65-af80-e986bd7d8b5b" />
    <UnitTestResult executionId="edfc3830-7998-425f-ac54-f76ad92d1dfd" testId="e46307e0-263a-6e2a-4891-6870c1ea6ee9" testName="Create_HandlesMissingClaim_UsesFallbackCreatedBy" computerName="LT-24-280" duration="00:00:00.0109940" startTime="2025-12-30T01:33:20.6616180+05:30" endTime="2025-12-30T01:33:20.6726120+05:30" testType="13cdc9d9-ddb5-4fa4-a97d-d965ccfc6d4b" outcome="Passed" testListId="8c84fa94-04c1-424b-9868-57a2d4851a1d" relativeResultsDirectory="edfc3830-7998-425f-ac54-f76ad92d1dfd" />
    <UnitTestResult executionId="067cd302-47ab-4993-81c5-dcd787622a44" testId="3f6c1c7b-62ab-30f8-8dc2-669a97121d69" testName="GetAll_ReturnsOk" computerName="LT-24-280" duration="00:00:00.0004850" startTime="2025-12-30T01:33:20.6909900+05:30" endTime="2025-12-30T01:33:20.6914760+05:30" testType="13cdc9d9-ddb5-4fa4-a97d-d965ccfc6d4b" outcome="Passed" testListId="8c84fa94-04c1-424b-9868-57a2d4851a1d" relativeResultsDirectory="067cd302-47ab-4993-81c5-dcd787622a44" />
    <UnitTestResult executionId="85876a60-e308-4e0b-b808-219f2f4182f3" testId="c163372a-fd6f-f92f-e2ed-86f5ce3d5d66" testName="GetTimesheetsByStatus_ReturnsOk" computerName="LT-24-280" duration="00:00:00.0007280" startTime="2025-12-30T01:33:20.7001650+05:30" endTime="2025-12-30T01:33:20.7008940+05:30" testType="13cdc9d9-ddb5-4fa4-a97d-d965ccfc6d4b" outcome="Passed" testListId="8c84fa94-04c1-424b-9868-57a2d4851a1d" relativeResultsDirectory="85876a60-e308-4e0b-b808-219f2f4182f3" />
    <UnitTestResult executionId="f2724f83-20b1-4a6f-b0d8-9e944abf982f" testId="08972808-059d-f19b-2f22-8c87d04d02c5" testName="GetProjectHoursSummary_ReturnsOk" computerName="LT-24-280" duration="00:00:00.0008750" startTime="2025-12-30T01:33:20.6956280+05:30" endTime="2025-12-30T01:33:20.6965030+05:30" testType="13cdc9d9-ddb5-4fa4-a97d-d965ccfc6d4b" outcome="Passed" testListId="8c84fa94-04c1-424b-9868-57a2d4851a1d" relativeResultsDirectory="f2724f83-20b1-4a6f-b0d8-9e944abf982f" />
    <UnitTestResult executionId="d17e039b-a609-4d12-828e-bfeab92c0a15" testId="1ff6b62c-2042-3f64-6be4-e3ce8c2afa60" testName="DeleteProjectCodeAsync_DeletesProject" computerName="LT-24-280" duration="00:00:00.0012310" startTime="2025-12-30T01:33:22.3268730+05:30" endTime="2025-12-30T01:33:22.3281050+05:30" testType="13cdc9d9-ddb5-4fa4-a97d-d965ccfc6d4b" outcome="Passed" testListId="8c84fa94-04c1-424b-9868-57a2d4851a1d" relativeResultsDirectory="d17e039b-a609-4d12-828e-bfeab92c0a15" />
    <UnitTestResult executionId="137d3342-9715-46b2-9dcb-74980d98ec78" testId="ecd12dd4-e71b-4686-8275-f36e34a340e9" testName="Delete_ReturnsOk_WhenDeleted" computerName="LT-24-280" duration="00:00:00.0002599" startTime="2025-12-30T01:33:20.6786900+05:30" endTime="2025-12-30T01:33:20.6789510+05:30" testType="13cdc9d9-ddb5-4fa4-a97d-d965ccfc6d4b" outcome="Passed" testListId="8c84fa94-04c1-424b-9868-57a2d4851a1d" relativeResultsDirectory="137d3342-9715-46b2-9dcb-74980d98ec78" />
    <UnitTestResult executionId="4becb6b7-4ba7-4b2a-b805-b6e18b6757d4" testId="dc018215-9dd9-7fb1-7d3d-a7530445334c" testName="UpdateTimesheetAsync_Throws_WhenNotFound" computerName="LT-24-280" duration="00:00:00.0004030" startTime="2025-12-30T01:33:22.3753910+05:30" endTime="2025-12-30T01:33:22.3757940+05:30" testType="13cdc9d9-ddb5-4fa4-a97d-d965ccfc6d4b" outcome="Passed" testListId="8c84fa94-04c1-424b-9868-57a2d4851a1d" relativeResultsDirectory="4becb6b7-4ba7-4b2a-b805-b6e18b6757d4" />
    <UnitTestResult executionId="f8f03dea-705d-471f-945e-6e3cb4293d46" testId="9cce9c32-d894-efc7-466f-55ea78cbd8f3" testName="AssignProjectToEmployeeAsync_Throws_WhenNotEmployeeRole" computerName="LT-24-280" duration="00:00:00.0003550" startTime="2025-12-30T01:33:22.3125630+05:30" endTime="2025-12-30T01:33:22.3129180+05:30" testType="13cdc9d9-ddb5-4fa4-a97d-d965ccfc6d4b" outcome="Passed" testListId="8c84fa94-04c1-424b-9868-57a2d4851a1d" relativeResultsDirectory="f8f03dea-705d-471f-945e-6e3cb4293d46" />
    <UnitTestResult executionId="3aa04406-9288-4b5f-994d-c3634de9bd53" testId="6cd92b4a-d098-cf35-9c58-8f62cb04b9f5" testName="GetProjectAssignmentByIdAsync_ReturnsAssignment" computerName="LT-24-280" duration="00:00:00.0005460" startTime="2025-12-30T01:33:22.3177040+05:30" endTime="2025-12-30T01:33:22.3182500+05:30" testType="13cdc9d9-ddb5-4fa4-a97d-d965ccfc6d4b" outcome="Passed" testListId="8c84fa94-04c1-424b-9868-57a2d4851a1d" relativeResultsDirectory="3aa04406-9288-4b5f-994d-c3634de9bd53" />
    <UnitTestResult executionId="f3db1413-7e73-4b61-a6fa-b4cdf63534f8" testId="d9dc710c-8e0e-ec4f-cd32-5d295c94013d" testName="Dispose_DoesNotThrow" computerName="LT-24-280" duration="00:00:00.0006320" startTime="2025-12-30T01:33:22.6256020+05:30" endTime="2025-12-30T01:33:22.6262340+05:30" testType="13cdc9d9-ddb5-4fa4-a97d-d965ccfc6d4b" outcome="Passed" testListId="8c84fa94-04c1-424b-9868-57a2d4851a1d" relativeResultsDirectory="f3db1413-7e73-4b61-a6fa-b4cdf63534f8" />
    <UnitTestResult executionId="2f0482ef-694b-442a-ae3f-14d499874d2c" testId="7423a559-3558-0716-167f-a37f6e86b25e" testName="GetTimesheetsByStatusAsync_ReturnsEmpty_WhenNoMatch" computerName="LT-24-280" duration="00:00:00.0010740" startTime="2025-12-30T01:33:22.3516050+05:30" endTime="2025-12-30T01:33:22.3526790+05:30" testType="13cdc9d9-ddb5-4fa4-a97d-d965ccfc6d4b" outcome="Passed" testListId="8c84fa94-04c1-424b-9868-57a2d4851a1d" relativeResultsDirectory="2f0482ef-694b-442a-ae3f-14d499874d2c" />
    <UnitTestResult executionId="e696259b-9567-490a-b4c2-d171c0efe6ee" testId="c45a9ff6-ebc9-642c-2321-75b4266e14b3" testName="GetEmployeeTimesheetsAsync_ReturnsList" computerName="LT-24-280" duration="00:00:00.0005450" startTime="2025-12-30T01:33:22.3720640+05:30" endTime="2025-12-30T01:33:22.3726090+05:30" testType="13cdc9d9-ddb5-4fa4-a97d-d965ccfc6d4b" outcome="Passed" testListId="8c84fa94-04c1-424b-9868-57a2d4851a1d" relativeResultsDirectory="e696259b-9567-490a-b4c2-d171c0efe6ee" />
    <UnitTestResult executionId="f13f75d7-d94a-46da-a1bf-73da3b8296c8" testId="91843752-6fa9-1ffd-a7bc-dc3c17fabba0" testName="LoginAsync_Throws_WhenPasswordWrong" computerName="LT-24-280" duration="00:00:00.2621200" startTime="2025-12-30T01:33:21.8121490+05:30" endTime="2025-12-30T01:33:22.0742680+05:30" testType="13cdc9d9-ddb5-4fa4-a97d-d965ccfc6d4b" outcome="Passed" testListId="8c84fa94-04c1-424b-9868-57a2d4851a1d" relativeResultsDirectory="f13f75d7-d94a-46da-a1bf-73da3b8296c8" />
    <UnitTestResult executionId="6d3d3c6e-a334-4841-9b42-322d1033d7ab" testId="4c0ad560-cca3-c1fd-1920-b4e6e6635f39" testName="AssignProjectToEmployeeAsync_Throws_WhenEndDateBeforeStart" computerName="LT-24-280" duration="00:00:00.0008260" startTime="2025-12-30T01:33:22.3102290+05:30" endTime="2025-12-30T01:33:22.3110560+05:30" testType="13cdc9d9-ddb5-4fa4-a97d-d965ccfc6d4b" outcome="Passed" testListId="8c84fa94-04c1-424b-9868-57a2d4851a1d" relativeResultsDirectory="6d3d3c6e-a334-4841-9b42-322d1033d7ab" />
    <UnitTestResult executionId="7faead7f-5d41-4c57-a147-42c0e9e66e7d" testId="19cb16b3-b4ab-6fa1-f576-50893d5e94d4" testName="GetAll_ReturnsOk" computerName="LT-24-280" duration="00:00:00.0007810" startTime="2025-12-30T01:33:20.6841090+05:30" endTime="2025-12-30T01:33:20.6848900+05:30" testType="13cdc9d9-ddb5-4fa4-a97d-d965ccfc6d4b" outcome="Passed" testListId="8c84fa94-04c1-424b-9868-57a2d4851a1d" relativeResultsDirectory="7faead7f-5d41-4c57-a147-42c0e9e66e7d" />
    <UnitTestResult executionId="398b75bc-d946-4df8-ad8f-cb26c6d4a638" testId="1d8b2fbe-afa8-9592-b216-23d1df5c0902" testName="GetPendingTimesheetsAsync_ReturnsSubmitted" computerName="LT-24-280" duration="00:00:00.0115820" startTime="2025-12-30T01:33:21.1833050+05:30" endTime="2025-12-30T01:33:21.1948860+05:30" testType="13cdc9d9-ddb5-4fa4-a97d-d965ccfc6d4b" outcome="Passed" testListId="8c84fa94-04c1-424b-9868-57a2d4851a1d" relativeResultsDirectory="398b75bc-d946-4df8-ad8f-cb26c6d4a638" />
    <UnitTestResult executionId="b8546e45-928d-4ce6-b91e-5c0766232926" testId="051af7eb-72cb-56e0-e893-27bd44f56744" testName="ApproveTimesheetAsync_Throws_WhenStrategyDisallows" computerName="LT-24-280" duration="00:00:00.0006060" startTime="2025-12-30T01:33:22.3476570+05:30" endTime="2025-12-30T01:33:22.3482630+05:30" testType="13cdc9d9-ddb5-4fa4-a97d-d965ccfc6d4b" outcome="Passed" testListId="8c84fa94-04c1-424b-9868-57a2d4851a1d" relativeResultsDirectory="b8546e45-928d-4ce6-b91e-5c0766232926" />
    <UnitTestResult executionId="a8c178b4-d565-4c92-b298-0e1f53e8de36" testId="59f36a2f-ce16-57d2-1fd7-f9035dc8d7f5" testName="Update_ReturnsOk_WhenFound" computerName="LT-24-280" duration="00:00:00.0017610" startTime="2025-12-30T01:33:20.6878630+05:30" endTime="2025-12-30T01:33:20.6896240+05:30" testType="13cdc9d9-ddb5-4fa4-a97d-d965ccfc6d4b" outcome="Passed" testListId="8c84fa94-04c1-424b-9868-57a2d4851a1d" relativeResultsDirectory="a8c178b4-d565-4c92-b298-0e1f53e8de36" />
    <UnitTestResult executionId="f77fb177-5f76-4c33-b701-7eac3c933d87" testId="94a9a4ea-3307-f99c-18db-6083a21cdc1c" testName="Create_ReturnsCreatedAtAction" computerName="LT-24-280" duration="00:00:00.0016170" startTime="2025-12-30T01:33:20.6762440+05:30" endTime="2025-12-30T01:33:20.6778610+05:30" testType="13cdc9d9-ddb5-4fa4-a97d-d965ccfc6d4b" outcome="Passed" testListId="8c84fa94-04c1-424b-9868-57a2d4851a1d" relativeResultsDirectory="f77fb177-5f76-4c33-b701-7eac3c933d87" />
    <UnitTestResult executionId="aa66d9e7-09a3-44ab-9b7c-70c810c7e87c" testId="2deec449-2e38-600a-369f-1c4ec777aa83" testName="GetByManagerIdAsync_ReturnsOnlyByManager" computerName="LT-24-280" duration="00:00:00.0035170" startTime="2025-12-30T01:33:21.1094770+05:30" endTime="2025-12-30T01:33:21.1129940+05:30" testType="13cdc9d9-ddb5-4fa4-a97d-d965ccfc6d4b" outcome="Passed" testListId="8c84fa94-04c1-424b-9868-57a2d4851a1d" relativeResultsDirectory="aa66d9e7-09a3-44ab-9b7c-70c810c7e87c" />
    <UnitTestResult executionId="7531fc0a-c0d7-4758-aeae-68c0794465cb" testId="5ef1aad9-c774-568f-2d16-eb7817951923" testName="RejectTimesheetAsync_Success" computerName="LT-24-280" duration="00:00:00.0008790" startTime="2025-12-30T01:33:22.3540150+05:30" endTime="2025-12-30T01:33:22.3548940+05:30" testType="13cdc9d9-ddb5-4fa4-a97d-d965ccfc6d4b" outcome="Passed" testListId="8c84fa94-04c1-424b-9868-57a2d4851a1d" relativeResultsDirectory="7531fc0a-c0d7-4758-aeae-68c0794465cb" />
    <UnitTestResult executionId="492cbae6-980d-4107-9558-e7e2404c4a2b" testId="fa335803-db49-c4ae-36e5-0b2d8f08cae6" testName="GetById_ReturnsOk_WhenFound" computerName="LT-24-280" duration="00:00:00.0004910" startTime="2025-12-30T01:33:20.6862630+05:30" endTime="2025-12-30T01:33:20.6867540+05:30" testType="13cdc9d9-ddb5-4fa4-a97d-d965ccfc6d4b" outcome="Passed" testListId="8c84fa94-04c1-424b-9868-57a2d4851a1d" relativeResultsDirectory="492cbae6-980d-4107-9558-e7e2404c4a2b" />
    <UnitTestResult executionId="ca3a9408-6d22-4f83-a0c6-9464955a77a0" testId="792bd45f-a2fc-41c4-6964-72384288c9b7" testName="GetAllProjectCodesAsync_ReturnsProjectCodes" computerName="LT-24-280" duration="00:00:00.0002950" startTime="2025-12-30T01:33:22.3301580+05:30" endTime="2025-12-30T01:33:22.3304520+05:30" testType="13cdc9d9-ddb5-4fa4-a97d-d965ccfc6d4b" outcome="Passed" testListId="8c84fa94-04c1-424b-9868-57a2d4851a1d" relativeResultsDirectory="ca3a9408-6d22-4f83-a0c6-9464955a77a0" />
    <UnitTestResult executionId="5ac3abf7-2ac4-47c3-b39c-3b1497c8b102" testId="f205d788-8c36-0b95-e3aa-c36bb9d6727e" testName="SubmitTimesheetAsync_Throws_WhenNotDraft" computerName="LT-24-280" duration="00:00:00.0003530" startTime="2025-12-30T01:33:22.3742730+05:30" endTime="2025-12-30T01:33:22.3746260+05:30" testType="13cdc9d9-ddb5-4fa4-a97d-d965ccfc6d4b" outcome="Passed" testListId="8c84fa94-04c1-424b-9868-57a2d4851a1d" relativeResultsDirectory="5ac3abf7-2ac4-47c3-b39c-3b1497c8b102" />
    <UnitTestResult executionId="38da8899-b600-4cd5-ac0c-da8e6aab2af3" testId="73181b49-60c6-17b2-db35-c3649a04e31a" testName="GetActiveProjectCodesAsync_Throws_WhenRepositoryThrows" computerName="LT-24-280" duration="00:00:00.0003330" startTime="2025-12-30T01:33:22.3293810+05:30" endTime="2025-12-30T01:33:22.3297140+05:30" testType="13cdc9d9-ddb5-4fa4-a97d-d965ccfc6d4b" outcome="Passed" testListId="8c84fa94-04c1-424b-9868-57a2d4851a1d" relativeResultsDirectory="38da8899-b600-4cd5-ac0c-da8e6aab2af3" />
    <UnitTestResult executionId="1d718fe4-686c-45a9-ad6f-b75e589ccc32" testId="80cb58ac-5c98-c650-f3cf-aff0b868da48" testName="CreateTimesheetAsync_Throws_WhenNotAssigned" computerName="LT-24-280" duration="00:00:00.0010520" startTime="2025-12-30T01:33:22.3656920+05:30" endTime="2025-12-30T01:33:22.3667440+05:30" testType="13cdc9d9-ddb5-4fa4-a97d-d965ccfc6d4b" outcome="Passed" testListId="8c84fa94-04c1-424b-9868-57a2d4851a1d" relativeResultsDirectory="1d718fe4-686c-45a9-ad6f-b75e589ccc32" />
    <UnitTestResult executionId="0e46f2b6-c4ba-4a24-9bda-592f4e99b50e" testId="05d7f7d8-b2ee-4fcb-dfee-e7e8cd969d42" testName="CompleteAsync_SavesChanges" computerName="LT-24-280" duration="00:00:00.0012110" startTime="2025-12-30T01:33:22.6243520+05:30" endTime="2025-12-30T01:33:22.6255630+05:30" testType="13cdc9d9-ddb5-4fa4-a97d-d965ccfc6d4b" outcome="Passed" testListId="8c84fa94-04c1-424b-9868-57a2d4851a1d" relativeResultsDirectory="0e46f2b6-c4ba-4a24-9bda-592f4e99b50e" />
    <UnitTestResult executionId="ff594b25-a4f2-460f-8c82-25c842d11437" testId="987a6b33-cdab-a6ab-6e2d-9a93eb5928da" testName="GetAllTimesheets_ReturnsOk" computerName="LT-24-280" duration="00:00:00.0007360" startTime="2025-12-30T01:33:20.7042580+05:30" endTime="2025-12-30T01:33:20.7049940+05:30" testType="13cdc9d9-ddb5-4fa4-a97d-d965ccfc6d4b" outcome="Passed" testListId="8c84fa94-04c1-424b-9868-57a2d4851a1d" relativeResultsDirectory="ff594b25-a4f2-460f-8c82-25c842d11437" />
    <UnitTestResult executionId="e0eb77be-f5ab-48d3-8b39-4d48316379ca" testId="293b468e-bbb6-6215-82dd-dd125f67e515" testName="AssignProjectToEmployeeAsync_Throws_WhenInvalidProject" computerName="LT-24-280" duration="00:00:00.0005390" startTime="2025-12-30T01:33:22.3120010+05:30" endTime="2025-12-30T01:33:22.3125410+05:30" testType="13cdc9d9-ddb5-4fa4-a97d-d965ccfc6d4b" outcome="Passed" testListId="8c84fa94-04c1-424b-9868-57a2d4851a1d" relativeResultsDirectory="e0eb77be-f5ab-48d3-8b39-4d48316379ca" />
    <UnitTestResult executionId="aed5ee5e-65b1-44c3-8ce0-ffbf6d72d3bc" testId="29749b1c-67d7-a2af-a6a9-ab21681cce81" testName="GetByProjectCodeIdAsync_ReturnsTimesheets" computerName="LT-24-280" duration="00:00:00.0117970" startTime="2025-12-30T01:33:21.1596570+05:30" endTime="2025-12-30T01:33:21.1714530+05:30" testType="13cdc9d9-ddb5-4fa4-a97d-d965ccfc6d4b" outcome="Passed" testListId="8c84fa94-04c1-424b-9868-57a2d4851a1d" relativeResultsDirectory="aed5ee5e-65b1-44c3-8ce0-ffbf6d72d3bc" />
    <UnitTestResult executionId="b79a3e2b-bd28-4c52-b543-6153ebe394e4" testId="288ee794-93b6-6ceb-1332-9a002e73ac53" testName="GetActiveProjectCodesAsync_ReturnsActive" computerName="LT-24-280" duration="00:00:00.0005700" startTime="2025-12-30T01:33:22.3287940+05:30" endTime="2025-12-30T01:33:22.3293640+05:30" testType="13cdc9d9-ddb5-4fa4-a97d-d965ccfc6d4b" outcome="Passed" testListId="8c84fa94-04c1-424b-9868-57a2d4851a1d" relativeResultsDirectory="b79a3e2b-bd28-4c52-b543-6153ebe394e4" />
    <UnitTestResult executionId="45103f80-1502-4c1f-b5f3-22af7e956e98" testId="5c18fbc3-6046-8586-1622-cbe69edea6cf" testName="GetUserByIdAsync_ReturnsUser" computerName="LT-24-280" duration="00:00:00.0004810" startTime="2025-12-30T01:33:22.3937080+05:30" endTime="2025-12-30T01:33:22.3941890+05:30" testType="13cdc9d9-ddb5-4fa4-a97d-d965ccfc6d4b" outcome="Passed" testListId="8c84fa94-04c1-424b-9868-57a2d4851a1d" relativeResultsDirectory="45103f80-1502-4c1f-b5f3-22af7e956e98" />
    <UnitTestResult executionId="4668ed78-024a-4545-924e-92a368b02b64" testId="53dbe41e-5d78-2bd6-b74e-c796430d6553" testName="UpdateProjectCodeAsync_Throws_WhenDuplicateCode" computerName="LT-24-280" duration="00:00:00.0005100" startTime="2025-12-30T01:33:22.3328550+05:30" endTime="2025-12-30T01:33:22.3333660+05:30" testType="13cdc9d9-ddb5-4fa4-a97d-d965ccfc6d4b" outcome="Passed" testListId="8c84fa94-04c1-424b-9868-57a2d4851a1d" relativeResultsDirectory="4668ed78-024a-4545-924e-92a368b02b64" />
    <UnitTestResult executionId="ff23b808-6f3d-4821-accc-85cf391dd45b" testId="6bbdfb24-0fe7-d390-f084-c2f3112d0dc1" testName="GetActiveProjectCodesAsync_ReturnsOnlyActive" computerName="LT-24-280" duration="00:00:00.0060809" startTime="2025-12-30T01:33:21.0947190+05:30" endTime="2025-12-30T01:33:21.1008010+05:30" testType="13cdc9d9-ddb5-4fa4-a97d-d965ccfc6d4b" outcome="Passed" testListId="8c84fa94-04c1-424b-9868-57a2d4851a1d" relativeResultsDirectory="ff23b808-6f3d-4821-accc-85cf391dd45b" />
    <UnitTestResult executionId="dd8baaff-529a-4a31-a82f-da80ce39b7a1" testId="972c36b3-d2ee-9bed-bb6c-dff2bdb9a269" testName="Register_ReturnsCreated_OnSuccess" computerName="LT-24-280" duration="00:00:00.0033960" startTime="2025-12-30T01:33:20.6573210+05:30" endTime="2025-12-30T01:33:20.6607160+05:30" testType="13cdc9d9-ddb5-4fa4-a97d-d965ccfc6d4b" outcome="Passed" testListId="8c84fa94-04c1-424b-9868-57a2d4851a1d" relativeResultsDirectory="dd8baaff-529a-4a31-a82f-da80ce39b7a1" />
    <UnitTestResult executionId="783a1330-2475-4b82-ac40-269fe8829558" testId="05313c47-394e-5f5b-5aaf-a3ea70f4b4a8" testName="CreateTimesheetAsync_Throws_WhenProjectNotActive" computerName="LT-24-280" duration="00:00:00.0011840" startTime="2025-12-30T01:33:22.3667660+05:30" endTime="2025-12-30T01:33:22.3679500+05:30" testType="13cdc9d9-ddb5-4fa4-a97d-d965ccfc6d4b" outcome="Passed" testListId="8c84fa94-04c1-424b-9868-57a2d4851a1d" relativeResultsDirectory="783a1330-2475-4b82-ac40-269fe8829558" />
    <UnitTestResult executionId="37b83778-94cf-472c-92b9-20d009cadb6d" testId="fb6b72d3-f05c-98fe-bb2f-3c266da46189" testName="SubmitWeek_ReturnsOk_WithResults" computerName="LT-24-280" duration="00:00:00.0007649" startTime="2025-12-30T01:33:20.7082860+05:30" endTime="2025-12-30T01:33:20.7090500+05:30" testType="13cdc9d9-ddb5-4fa4-a97d-d965ccfc6d4b" outcome="Passed" testListId="8c84fa94-04c1-424b-9868-57a2d4851a1d" relativeResultsDirectory="37b83778-94cf-472c-92b9-20d009cadb6d" />
    <UnitTestResult executionId="2a029d0a-1ffd-42d2-b3ad-e87d62406786" testId="5d0996b5-fe17-f2fd-e780-cfa6e47e5b74" testName="UpdateTimesheetAsync_Throws_WhenNotDraft" computerName="LT-24-280" duration="00:00:00.0007310" startTime="2025-12-30T01:33:22.3746430+05:30" endTime="2025-12-30T01:33:22.3753740+05:30" testType="13cdc9d9-ddb5-4fa4-a97d-d965ccfc6d4b" outcome="Passed" testListId="8c84fa94-04c1-424b-9868-57a2d4851a1d" relativeResultsDirectory="2a029d0a-1ffd-42d2-b3ad-e87d62406786" />
    <UnitTestResult executionId="91622588-8a49-4930-a42b-adbf49bfb933" testId="fbc0d8ed-12b0-500d-4243-9a787eaab7a6" testName="ApproveTimesheetAsync_Success" computerName="LT-24-280" duration="00:00:00.0013730" startTime="2025-12-30T01:33:22.3462650+05:30" endTime="2025-12-30T01:33:22.3476370+05:30" testType="13cdc9d9-ddb5-4fa4-a97d-d965ccfc6d4b" outcome="Passed" testListId="8c84fa94-04c1-424b-9868-57a2d4851a1d" relativeResultsDirectory="91622588-8a49-4930-a42b-adbf49bfb933" />
    <UnitTestResult executionId="5d9ce167-1f9a-4c2f-9f88-6b9f1d64b67e" testId="c312956d-b10c-5358-c0dc-fea4f6303a01" testName="SubmitTimesheetAsync_ReturnsFalse_WhenNotFound" computerName="LT-24-280" duration="00:00:00.0005400" startTime="2025-12-30T01:33:22.3733660+05:30" endTime="2025-12-30T01:33:22.3739060+05:30" testType="13cdc9d9-ddb5-4fa4-a97d-d965ccfc6d4b" outcome="Passed" testListId="8c84fa94-04c1-424b-9868-57a2d4851a1d" relativeResultsDirectory="5d9ce167-1f9a-4c2f-9f88-6b9f1d64b67e" />
    <UnitTestResult executionId="c39e93ac-b791-4332-ab1f-15a81f266822" testId="febc8071-9450-4ab7-232e-d754944db15c" testName="GetAllProjectAssignmentsAsync_ThrowsException_WhenRepositoryThrows" computerName="LT-24-280" duration="00:00:00.0003510" startTime="2025-12-30T01:33:22.3160050+05:30" endTime="2025-12-30T01:33:22.3163560+05:30" testType="13cdc9d9-ddb5-4fa4-a97d-d965ccfc6d4b" outcome="Passed" testListId="8c84fa94-04c1-424b-9868-57a2d4851a1d" relativeResultsDirectory="c39e93ac-b791-4332-ab1f-15a81f266822" />
[...]
    <TestEntry testId="a14968fb-d641-2163-1c46-259537c1d786" executionId="825d1cbd-c010-4bbb-b0a9-22dca0c21c73" testListId="8c84fa94-04c1-424b-9868-57a2d4851a1d" />
    <TestEntry testId="2c9708de-0ca3-e6b6-ea40-ebd29ac569f5" executionId="a5b8b092-cecf-4a07-8fb6-f4bfe4c8f354" testListId="8c84fa94-04c1-424b-9868-57a2d4851a1d" />
    <TestEntry testId="e25e540b-7317-5375-37a9-f66163eef310" executionId="f9cfed0c-022d-47ea-8f12-007e2634272e" testListId="8c84fa94-04c1-424b-9868-57a2d4851a1d" />
    <TestEntry testId="cbf0fe77-ecab-e722-7e62-f3206abd69d7" executionId="6967db9d-e654-41d0-ad2c-b8b6e2797222" testListId="8c84fa94-04c1-424b-9868-57a2d4851a1d" />
    <TestEntry testId="cf832c51-bb79-7cfc-c5eb-ddc18e1d0e0b" executionId="98be3fb0-d53a-4a53-a577-e84e11a98753" testListId="8c84fa94-04c1-424b-9868-57a2d4851a1d" />
    <TestEntry testId="5c031e3d-6396-c3f8-f61c-bb982601e70b" executionId="b916b1a3-6943-4acc-8fbe-eae6a5600832" testListId="8c84fa94-04c1-424b-9868-57a2d4851a1d" />
    <TestEntry testId="5876dda2-2803-fa06-94d1-b8b9b2326d57" executionId="3ea51edc-8961-41a1-9653-247803db5b69" testListId="8c84fa94-04c1-424b-9868-57a2d4851a1d" />
    <TestEntry testId="5108f65c-6c78-63a9-673c-e16aaa15d1b1" executionId="3c0bd063-c120-40aa-b1b0-f595b2d13498" testListId="8c84fa94-04c1-424b-9868-57a2d4851a1d" />
    <TestEntry testId="8a135db8-5a00-df6b-06e8-ede61f641a0e" executionId="3876d98d-ca35-494f-bb7b-af10506ba13a" testListId="8c84fa94-04c1-424b-9868-57a2d4851a1d" />
    <TestEntry testId="7bd96923-6a53-284b-83ee-095d0390fd04" executionId="bac1bbcd-05ba-4799-9eac-eeed27c59bdf" testListId="8c84fa94-04c1-424b-9868-57a2d4851a1d" />
    <TestEntry testId="d0c31d05-7e4a-e43a-1801-275c0c6b8229" executionId="761f924f-894d-4949-b66a-7a36fea1222e" testListId="8c84fa94-04c1-424b-9868-57a2d4851a1d" />
    <TestEntry testId="9bbe238e-cd8b-f1b2-4d95-7d3e1600ba6a" executionId="3a46c0ec-5ddc-4034-b759-bf5e861a2ab6" testListId="8c84fa94-04c1-424b-9868-57a2d4851a1d" />
    <TestEntry testId="c210825b-92b3-b18f-d383-7e9deb03c344" executionId="3045e436-a915-48b2-8832-372be1924638" testListId="8c84fa94-04c1-424b-9868-57a2d4851a1d" />
    <TestEntry testId="eb684a6f-cca2-b98d-7478-a179ca1265d6" executionId="6edf4d1c-e115-4979-8e67-ebe526bd6989" testListId="8c84fa94-04c1-424b-9868-57a2d4851a1d" />
    <TestEntry testId="d71d3236-5dbb-03b4-9003-e9bd5fbd9346" executionId="a94a0830-f8dc-4bfa-9533-7cf36dabc5ff" testListId="8c84fa94-04c1-424b-9868-57a2d4851a1d" />
    <TestEntry testId="73a055f5-9214-9e4f-eb89-3bcfb19ded54" executionId="6df64dc0-706a-4334-8884-4bda1836d3f8" testListId="8c84fa94-04c1-424b-9868-57a2d4851a1d" />
    <TestEntry testId="862b8942-dfe0-c0fe-0e32-26a351d8bc25" executionId="c55ae660-2c0f-453d-b6df-486f16200aec" testListId="8c84fa94-04c1-424b-9868-57a2d4851a1d" />
    <TestEntry testId="bd46c131-8288-0651-217f-f378db54cedb" executionId="8edd39f1-6c41-4600-a054-76e2ae34a646" testListId="8c84fa94-04c1-424b-9868-57a2d4851a1d" />
    <TestEntry testId="649ec5c0-11cb-f396-28c9-f3bcb911eb8a" executionId="fbc0ea07-a69f-439d-a5d7-72623156c538" testListId="8c84fa94-04c1-424b-9868-57a2d4851a1d" />
    <TestEntry testId="8f90292b-65cd-ec43-93da-ddd38319d873" executionId="4cce290c-56e2-4430-8e38-ab67dd021b3b" testListId="8c84fa94-04c1-424b-9868-57a2d4851a1d" />
    <TestEntry testId="f881e3d4-c546-abbc-63f9-c65f2d16ff4d" executionId="56ee2e4e-3bbe-4420-881c-b4a86cf4bd0b" testListId="8c84fa94-04c1-424b-9868-57a2d4851a1d" />
    <TestEntry testId="f739e0a0-c320-5039-e8d8-b2628eec4c76" executionId="8df59057-0d3b-44ba-9325-50d21d4c946c" testListId="8c84fa94-04c1-424b-9868-57a2d4851a1d" />
    <TestEntry testId="5f23c129-4420-668d-93c7-c82564c8e367" executionId="f5db69ac-4188-452b-909c-b2cb6207250b" testListId="8c84fa94-04c1-424b-9868-57a2d4851a1d" />
    <TestEntry testId="218502e1-1706-02dd-4dce-1da3b7803ad1" executionId="db228772-24bd-4e56-8bd3-b89697d5bf6e" testListId="8c84fa94-04c1-424b-9868-57a2d4851a1d" />
    <TestEntry testId="853aa999-30d3-3335-ae07-29f1ce39b693" executionId="76cd6620-f788-42e4-ba1e-c06e06dd2a9c" testListId="8c84fa94-04c1-424b-9868-57a2d4851a1d" />
    <TestEntry testId="c3a4c2b8-31a3-0b92-b34e-f6414d8aef2e" executionId="460ecb81-7edc-4f89-8083-15aad03e4079" testListId="8c84fa94-04c1-424b-9868-57a2d4851a1d" />
    <TestEntry testId="66d1346e-0a64-5faf-8f24-55ec8b6dc61b" executionId="00d737f2-5377-4811-b309-2b5bd88a0521" testListId="8c84fa94-04c1-424b-9868-57a2d4851a1d" />
    <TestEntry testId="1aa8c8d3-5d87-79af-9a0e-dbbfda8f0d71" executionId="f9e57add-3f67-489f-9eef-c7cc890eb620" testListId="8c84fa94-04c1-424b-9868-57a2d4851a1d" />
    <TestEntry testId="befec7f5-dc6e-2a89-4b9b-5df5a68f20d8" executionId="580a3a0c-aedb-4a07-b607-f3702a94e736" testListId="8c84fa94-04c1-424b-9868-57a2d4851a1d" />
    <TestEntry testId="b6b7e4c0-c11b-21cc-0d38-a7afcbcf7868" executionId="64d0093b-cb5d-43aa-8069-d3dd7a8034db" testListId="8c84fa94-04c1-424b-9868-57a2d4851a1d" />
    <TestEntry testId="8572ae34-5827-6aa3-1c21-043d45738f8c" executionId="7e254e22-f339-4abe-85d3-6fc9c62027e5" testListId="8c84fa94-04c1-424b-9868-57a2d4851a1d" />
    <TestEntry testId="994a2dfc-b10a-8947-f708-43469c630863" executionId="7da5e01e-d2d8-4d8d-853c-e941c692f854" testListId="8c84fa94-04c1-424b-9868-57a2d4851a1d" />
    <TestEntry testId="16ba936f-ea41-93ce-6019-e86d1a1b3a60" executionId="9c491218-4c4b-462e-bc9f-0c6210eade0a" testListId="8c84fa94-04c1-424b-9868-57a2d4851a1d" />
    <TestEntry testId="41304801-ffff-e34c-2ae8-7b08fac793b7" executionId="aae3ffa8-094e-4cfb-b3a3-1adf6b384d0b" testListId="8c84fa94-04c1-424b-9868-57a2d4851a1d" />
    <TestEntry testId="1ede82e5-ea27-e89e-2a29-23c6e2361cab" executionId="45a24481-1ac6-4e2e-bf6c-1ccea390c1ff" testListId="8c84fa94-04c1-424b-9868-57a2d4851a1d" />
    <TestEntry testId="d71f5ac4-be95-3ca4-36cc-840478f4e9ba" executionId="c476a77c-9f8c-4c20-809e-7be7240dbead" testListId="8c84fa94-04c1-424b-9868-57a2d4851a1d" />
    <TestEntry testId="30694898-5446-84f4-96e5-ac2484e02951" executionId="2c05f969-86d5-49fa-b5e8-7509cf5ce64a" testListId="8c84fa94-04c1-424b-9868-57a2d4851a1d" />
    <TestEntry testId="ebb878a1-5470-3463-7929-345afd7af5c3" executionId="520d03d8-ed4f-44c5-b177-f0011ba92531" testListId="8c84fa94-04c1-424b-9868-57a2d4851a1d" />
    <TestEntry testId="807b66cb-100a-29f1-b27e-16737d43d059" executionId="bfe2f37d-138d-45a8-97d1-e7b74081f7f4" testListId="8c84fa94-04c1-424b-9868-57a2d4851a1d" />
    <TestEntry testId="627057f8-9d96-ea2f-1907-e1d5c63560d9" executionId="9a4ef0ee-b31e-4801-a9c6-3ec6214c74fd" testListId="8c84fa94-04c1-424b-9868-57a2d4851a1d" />
    <TestEntry testId="d382f0c0-730e-89db-ad13-f008a44ef9e6" executionId="36291fa1-a0a4-4545-96e3-7b5cdc156313" testListId="8c84fa94-04c1-424b-9868-57a2d4851a1d" />
    <TestEntry testId="227e0f6e-ce8e-fd9e-b7d0-fd2041fb95ec" executionId="740b1d3a-4432-4a46-aedc-56b453d998b5" testListId="8c84fa94-04c1-424b-9868-57a2d4851a1d" />
    <TestEntry testId="724ebe56-742f-9a5f-386f-43ed16f4abb0" executionId="9f5a8b6b-4f24-4183-9138-3c7c2b00c112" testListId="8c84fa94-04c1-424b-9868-57a2d4851a1d" />
    <TestEntry testId="7326661c-7050-7168-4d86-6eb63c789466" executionId="910ac449-e13a-4d7f-9a6e-3b27184c18bf" testListId="8c84fa94-04c1-424b-9868-57a2d4851a1d" />
    <TestEntry testId="660cf7aa-bdf7-1f0a-0fff-f3465accf57c" executionId="56502284-eda0-404c-93d5-f6558a23d0b3" testListId="8c84fa94-04c1-424b-9868-57a2d4851a1d" />
    <TestEntry testId="c8215543-3b6b-6198-c297-c803b24cd9a6" executionId="4504abf3-c586-4bc2-b11b-0fdae864966a" testListId="8c84fa94-04c1-424b-9868-57a2d4851a1d" />
    <TestEntry testId="6ffd8e6c-1b74-7139-65c6-eeec4cb7d9aa" executionId="183ea9e4-347b-4301-ba38-4508b8ebad63" testListId="8c84fa94-04c1-424b-9868-57a2d4851a1d" />
    <TestEntry testId="8d939b5f-727d-bd48-2dd8-c04cc6859afc" executionId="a2184679-3b2f-4cdf-91e7-2a30d621b8ab" testListId="8c84fa94-04c1-424b-9868-57a2d4851a1d" />
    <TestEntry testId="c30a297f-0314-28cb-0673-2472322b68a5" executionId="e288d568-5387-42c0-a48c-da46cce61425" testListId="8c84fa94-04c1-424b-9868-57a2d4851a1d" />
    <TestEntry testId="575e3157-6a3f-70db-f946-3556b441572e" executionId="64b75bab-0718-4ef4-85a7-57ec57987647" testListId="8c84fa94-04c1-424b-9868-57a2d4851a1d" />
    <TestEntry testId="f16314d0-1fc8-a604-b72d-4e44b6d81dff" executionId="d6013d97-d9d6-4816-a482-912b68bb1c9e" testListId="8c84fa94-04c1-424b-9868-57a2d4851a1d" />
    <TestEntry testId="4e3889be-0022-d685-56a5-3b393aee64d0" executionId="0d7ac10a-accd-452b-b991-23fb78fc5cef" testListId="8c84fa94-04c1-424b-9868-57a2d4851a1d" />
    <TestEntry testId="99a23967-c823-8060-89d0-ef840231eb84" executionId="64bf27ea-3995-418d-9876-9fa5b09b23b1" testListId="8c84fa94-04c1-424b-9868-57a2d4851a1d" />
    <TestEntry testId="203a9245-3139-e964-4c06-66dac3818c7d" executionId="52539e23-ba79-41f5-92b0-debb55335c08" testListId="8c84fa94-04c1-424b-9868-57a2d4851a1d" />
    <TestEntry testId="13598da6-1ae7-2fa5-c0da-5978bb74e268" executionId="c5f69f86-a416-42bc-8e7a-4bb339c1b279" testListId="8c84fa94-04c1-424b-9868-57a2d4851a1d" />
    <TestEntry testId="3362c4e5-9a99-b8e5-a593-b9a009973c46" executionId="99ee0e49-af33-48af-b45d-d787c963421d" testListId="8c84fa94-04c1-424b-9868-57a2d4851a1d" />
    <TestEntry testId="a90d3fad-ab21-98c6-2517-b157ad7f5e12" executionId="ab897ae8-4bb9-4e9c-8f0a-22ae01ea0d6d" testListId="8c84fa94-04c1-424b-9868-57a2d4851a1d" />
    <TestEntry testId="41921315-349c-e88e-fd40-103bebce0d03" executionId="99130fc5-e95e-4f6f-8a31-a05e1b0b4836" testListId="8c84fa94-04c1-424b-9868-57a2d4851a1d" />
    <TestEntry testId="d29cad40-58f2-f1ff-7ac9-ce9008470d16" executionId="9ea68bc2-969a-4233-b9af-14b64bb82843" testListId="8c84fa94-04c1-424b-9868-57a2d4851a1d" />
    <TestEntry testId="dbe59154-24ef-5c0b-3505-98980b13510c" executionId="f198b481-1aa8-41fd-972a-a0e24bbad46c" testListId="8c84fa94-04c1-424b-9868-57a2d4851a1d" />
    <TestEntry testId="328e00e2-e27b-25fb-20ac-d3cc0035843d" executionId="8da4af92-24da-4fe8-b7dc-ef51689267ff" testListId="8c84fa94-04c1-424b-9868-57a2d4851a1d" />
    <TestEntry testId="8d660239-5942-9f56-f8cf-2d213fe80b00" executionId="32528ad8-516a-456e-8064-00554876048e" testListId="8c84fa94-04c1-424b-9868-57a2d4851a1d" />
    <TestEntry testId="37b72a21-e90e-cc34-9d93-e62ae612be68" executionId="89568d61-eaaa-45cf-9240-307beec09d8b" testListId="8c84fa94-04c1-424b-9868-57a2d4851a1d" />
    <TestEntry testId="f7dc3289-9373-0a95-0524-59090a9ce2e4" executionId="0407e037-e801-41a1-aff7-4ef0f5303131" testListId="8c84fa94-04c1-424b-9868-57a2d4851a1d" />
    <TestEntry testId="53dfdb34-c7dc-8cb2-ad4b-773bb7d92c84" executionId="5b86eb9b-072f-46f6-8e23-f16400a088bb" testListId="8c84fa94-04c1-424b-9868-57a2d4851a1d" />
    <TestEntry testId="9017366c-8ed1-01f3-9c4c-72f1fcd01414" executionId="7d5462d0-6892-4b3e-86fe-50c34b6ebb66" testListId="8c84fa94-04c1-424b-9868-57a2d4851a1d" />
    <TestEntry testId="7d91fca6-880b-ddb5-9a7b-fa2c58746909" executionId="f426b1e0-4ea3-4a00-a8b7-89bfd2d78c33" testListId="8c84fa94-04c1-424b-9868-57a2d4851a1d" />
    <TestEntry testId="2f395178-a46e-a15f-ca7e-325287b5b1ce" executionId="95ea1387-c861-4260-9c1a-5f6591fa24d7" testListId="8c84fa94-04c1-424b-9868-57a2d4851a1d" />
    <TestEntry testId="a5528485-4cd7-a820-f246-4631c616d412" executionId="c4dd18ff-335a-4618-b3c2-d2ada4b7d54a" testListId="8c84fa94-04c1-424b-9868-57a2d4851a1d" />
    <TestEntry testId="2d53dda2-8946-7231-2e07-a4dc39cff8b1" executionId="681f62ba-66c8-4c9f-91fb-f2f5f630448c" testListId="8c84fa94-04c1-424b-9868-57a2d4851a1d" />
    <TestEntry testId="72d6e3a4-b23d-fe63-b5eb-9301b7d2a9a9" executionId="d1307701-f7a8-4f65-af80-e986bd7d8b5b" testListId="8c84fa94-04c1-424b-9868-57a2d4851a1d" />
    <TestEntry testId="e46307e0-263a-6e2a-4891-6870c1ea6ee9" executionId="edfc3830-7998-425f-ac54-f76ad92d1dfd" testListId="8c84fa94-04c1-424b-9868-57a2d4851a1d" />
    <TestEntry testId="3f6c1c7b-62ab-30f8-8dc2-669a97121d69" executionId="067cd302-47ab-4993-81c5-dcd787622a44" testListId="8c84fa94-04c1-424b-9868-57a2d4851a1d" />
    <TestEntry testId="c163372a-fd6f-f92f-e2ed-86f5ce3d5d66" executionId="85876a60-e308-4e0b-b808-219f2f4182f3" testListId="8c84fa94-04c1-424b-9868-57a2d4851a1d" />
    <TestEntry testId="08972808-059d-f19b-2f22-8c87d04d02c5" executionId="f2724f83-20b1-4a6f-b0d8-9e944abf982f" testListId="8c84fa94-04c1-424b-9868-57a2d4851a1d" />
    <TestEntry testId="1ff6b62c-2042-3f64-6be4-e3ce8c2afa60" executionId="d17e039b-a609-4d12-828e-bfeab92c0a15" testListId="8c84fa94-04c1-424b-9868-57a2d4851a1d" />
    <TestEntry testId="ecd12dd4-e71b-4686-8275-f36e34a340e9" executionId="137d3342-9715-46b2-9dcb-74980d98ec78" testListId="8c84fa94-04c1-424b-9868-57a2d4851a1d" />
    <TestEntry testId="dc018215-9dd9-7fb1-7d3d-a7530445334c" executionId="4becb6b7-4ba7-4b2a-b805-b6e18b6757d4" testListId="8c84fa94-04c1-424b-9868-57a2d4851a1d" />
    <TestEntry testId="9cce9c32-d894-efc7-466f-55ea78cbd8f3" executionId="f8f03dea-705d-471f-945e-6e3cb4293d46" testListId="8c84fa94-04c1-424b-9868-57a2d4851a1d" />
    <TestEntry testId="6cd92b4a-d098-cf35-9c58-8f62cb04b9f5" executionId="3aa04406-9288-4b5f-994d-c3634de9bd53" testListId="8c84fa94-04c1-424b-9868-57a2d4851a1d" />
    <TestEntry testId="d9dc710c-8e0e-ec4f-cd32-5d295c94013d" executionId="f3db1413-7e73-4b61-a6fa-b4cdf63534f8" testListId="8c84fa94-04c1-424b-9868-57a2d4851a1d" />
    <TestEntry testId="7423a559-3558-0716-167f-a37f6e86b25e" executionId="2f0482ef-694b-442a-ae3f-14d499874d2c" testListId="8c84fa94-04c1-424b-9868-57a2d4851a1d" />
    <TestEntry testId="c45a9ff6-ebc9-642c-2321-75b4266e14b3" executionId="e696259b-9567-490a-b4c2-d171c0efe6ee" testListId="8c84fa94-04c1-424b-9868-57a2d4851a1d" />
    <TestEntry testId="91843752-6fa9-1ffd-a7bc-dc3c17fabba0" executionId="f13f75d7-d94a-46da-a1bf-73da3b8296c8" testListId="8c84fa94-04c1-424b-9868-57a2d4851a1d" />
    <TestEntry testId="4c0ad560-cca3-c1fd-1920-b4e6e6635f39" executionId="6d3d3c6e-a334-4841-9b42-322d1033d7ab" testListId="8c84fa94-04c1-424b-9868-57a2d4851a1d" />
    <TestEntry testId="19cb16b3-b4ab-6fa1-f576-50893d5e94d4" executionId="7faead7f-5d41-4c57-a147-42c0e9e66e7d" testListId="8c84fa94-04c1-424b-9868-57a2d4851a1d" />
    <TestEntry testId="1d8b2fbe-afa8-9592-b216-23d1df5c0902" executionId="398b75bc-d946-4df8-ad8f-cb26c6d4a638" testListId="8c84fa94-04c1-424b-9868-57a2d4851a1d" />
    <TestEntry testId="051af7eb-72cb-56e0-e893-27bd44f56744" executionId="b8546e45-928d-4ce6-b91e-5c0766232926" testListId="8c84fa94-04c1-424b-9868-57a2d4851a1d" />
    <TestEntry testId="59f36a2f-ce16-57d2-1fd7-f9035dc8d7f5" executionId="a8c178b4-d565-4c92-b298-0e1f53e8de36" testListId="8c84fa94-04c1-424b-9868-57a2d4851a1d" />
    <TestEntry testId="94a9a4ea-3307-f99c-18db-6083a21cdc1c" executionId="f77fb177-5f76-4c33-b701-7eac3c933d87" testListId="8c84fa94-04c1-424b-9868-57a2d4851a1d" />
    <TestEntry testId="2deec449-2e38-600a-369f-1c4ec777aa83" executionId="aa66d9e7-09a3-44ab-9b7c-70c810c7e87c" testListId="8c84fa94-04c1-424b-9868-57a2d4851a1d" />
    <TestEntry testId="5ef1aad9-c774-568f-2d16-eb7817951923" executionId="7531fc0a-c0d7-4758-aeae-68c0794465cb" testListId="8c84fa94-04c1-424b-9868-57a2d4851a1d" />
    <TestEntry testId="fa335803-db49-c4ae-36e5-0b2d8f08cae6" executionId="492cbae6-980d-4107-9558-e7e2404c4a2b" testListId="8c84fa94-04c1-424b-9868-57a2d4851a1d" />
    <TestEntry testId="792bd45f-a2fc-41c4-6964-72384288c9b7" executionId="ca3a9408-6d22-4f83-a0c6-9464955a77a0" testListId="8c84fa94-04c1-424b-9868-57a2d4851a1d" />
    <TestEntry testId="f205d788-8c36-0b95-e3aa-c36bb9d6727e" executionId="5ac3abf7-2ac4-47c3-b39c-3b1497c8b102" testListId="8c84fa94-04c1-424b-9868-57a2d4851a1d" />
    <TestEntry testId="73181b49-60c6-17b2-db35-c3649a04e31a" executionId="38da8899-b600-4cd5-ac0c-da8e6aab2af3" testListId="8c84fa94-04c1-424b-9868-57a2d4851a1d" />
    <TestEntry testId="80cb58ac-5c98-c650-f3cf-aff0b868da48" executionId="1d718fe4-686c-45a9-ad6f-b75e589ccc32" testListId="8c84fa94-04c1-424b-9868-57a2d4851a1d" />
    <TestEntry testId="05d7f7d8-b2ee-4fcb-dfee-e7e8cd969d42" executionId="0e46f2b6-c4ba-4a24-9bda-592f4e99b50e" testListId="8c84fa94-04c1-424b-9868-57a2d4851a1d" />
    <TestEntry testId="987a6b33-cdab-a6ab-6e2d-9a93eb5928da" executionId="ff594b25-a4f2-460f-8c82-25c842d11437" testListId="8c84fa94-04c1-424b-9868-57a2d4851a1d" />
    <TestEntry testId="293b468e-bbb6-6215-82dd-dd125f67e515" executionId="e0eb77be-f5ab-48d3-8b39-4d48316379ca" testListId="8c84fa94-04c1-424b-9868-57a2d4851a1d" />
    <TestEntry testId="29749b1c-67d7-a2af-a6a9-ab21681cce81" executionId="aed5ee5e-65b1-44c3-8ce0-ffbf6d72d3bc" testListId="8c84fa94-04c1-424b-9868-57a2d4851a1d" />
    <TestEntry testId="288ee794-93b6-6ceb-1332-9a002e73ac53" executionId="b79a3e2b-bd28-4c52-b543-6153ebe394e4" testListId="8c84fa94-04c1-424b-9868-57a2d4851a1d" />
    <TestEntry testId="5c18fbc3-6046-8586-1622-cbe69edea6cf" executionId="45103f80-1502-4c1f-b5f3-22af7e956e98" testListId="8c84fa94-04c1-424b-9868-57a2d4851a1d" />
    <TestEntry testId="53dbe41e-5d78-2bd6-b74e-c796430d6553" executionId="4668ed78-024a-4545-924e-92a368b02b64" testListId="8c84fa94-04c1-424b-9868-57a2d4851a1d" />
    <TestEntry testId="6bbdfb24-0fe7-d390-f084-c2f3112d0dc1" executionId="ff23b808-6f3d-4821-accc-85cf391dd45b" testListId="8c84fa94-04c1-424b-9868-57a2d4851a1d" />
    <TestEntry testId="972c36b3-d2ee-9bed-bb6c-dff2bdb9a269" executionId="dd8baaff-529a-4a31-a82f-da80ce39b7a1" testListId="8c84fa94-04c1-424b-9868-57a2d4851a1d" />
    <TestEntry testId="05313c47-394e-5f5b-5aaf-a3ea70f4b4a8" executionId="783a1330-2475-4b82-ac40-269fe8829558" testListId="8c84fa94-04c1-424b-9868-57a2d4851a1d" />
    <TestEntry testId="fb6b72d3-f05c-98fe-bb2f-3c266da46189" executionId="37b83778-94cf-472c-92b9-20d009cadb6d" testListId="8c84fa94-04c1-424b-9868-57a2d4851a1d" />
    <TestEntry testId="5d0996b5-fe17-f2fd-e780-cfa6e47e5b74" executionId="2a029d0a-1ffd-42d2-b3ad-e87d62406786" testListId="8c84fa94-04c1-424b-9868-57a2d4851a1d" />
    <TestEntry testId="fbc0d8ed-12b0-500d-4243-9a787eaab7a6" executionId="91622588-8a49-4930-a42b-adbf49bfb933" testListId="8c84fa94-04c1-424b-9868-57a2d4851a1d" />
    <TestEntry testId="c312956d-b10c-5358-c0dc-fea4f6303a01" executionId="5d9ce167-1f9a-4c2f-9f88-6b9f1d64b67e" testListId="8c84fa94-04c1-424b-9868-57a2d4851a1d" />
    <TestEntry testId="febc8071-9450-4ab7-232e-d754944db15c" executionId="c39e93ac-b791-4332-ab1f-15a81f266822" testListId="8c84fa94-04c1-424b-9868-57a2d4851a1d" />
    <TestEntry testId="bb1747ca-6487-7db5-27f4-6ba8c09744b0" executionId="9a598c8b-417f-4469-b88c-7361ea5cb056" testListId="8c84fa94-04c1-424b-9868-57a2d4851a1d" />
    <TestEntry testId="63ca156c-c839-524e-b2d3-8c5765276087" executionId="3eb2a4e9-b071-4fe5-ae8e-09564778eec0" testListId="8c84fa94-04c1-424b-9868-57a2d4851a1d" />
    <TestEntry testId="3c855d7c-4554-3786-011b-a10d313ec80e" executionId="5c4308f7-8cdb-4474-bf6e-662780350940" testListId="8c84fa94-04c1-424b-9868-57a2d4851a1d" />
  </TestEntries>
  <TestLists>
    <TestList name="Results Not in a List" id="8c84fa94-04c1-424b-9868-57a2d4851a1d" />
    <TestList name="All Loaded Results" id="19431567-8539-422a-85d7-44ee4e166bda" />
  </TestLists>
  <ResultSummary outcome="Completed">
    <Counters total="163" executed="163" passed="163" failed="0" error="0" timeout="0" aborted="0" inconclusive="0" passedButRunAborted="0" notRunnable="0" notExecuted="0" disconnected="0" warning="0" completed="0" inProgress="0" pending="0" />
    <Output>
      <StdOut>NUnit Adapter 4.6.0.0: Test execution started
Running all tests in /Users/sava446277/Projects/OnTheRanj/OnTheRanj.Tests/bin/Debug/net8.0/OnTheRanj.Tests.dll
   NUnit3TestExecutor discovered 163 of 163 NUnit test cases using Current Discovery mode, Non-Explicit run
TimesheetId: 1, ProjectCodeId: 0, ProjectCode: P

NUnit Adapter 4.6.0.0: Test execution complete
</StdOut>
    </Output>
  </ResultSummary>
</TestRun>